#
# There is insufficient memory for the Java Runtime Environment to continue.
# Native memory allocation (mmap) failed to map 135266304 bytes. Error detail: G1 virtual space
# Possible reasons:
#   The system is out of physical RAM or swap space
#   This process is running with CompressedOops enabled, and the Java Heap may be blocking the growth of the native heap
# Possible solutions:
#   Reduce memory load on the system
#   Increase physical memory or swap space
#   Check if swap backing store is full
#   Decrease Java heap size (-Xmx/-Xms)
#   Decrease number of Java threads
#   Decrease Java thread stack sizes (-Xss)
#   Set larger code cache with -XX:ReservedCodeCacheSize=
#   JVM is running with Unscaled Compressed Oops mode in which the Java heap is
#     placed in the first 4GB address space. The Java Heap base address is the
#     maximum limit for the native heap growth. Please use -XX:HeapBaseMinAddress
#     to set the Java Heap base and to place the Java Heap above 4GB virtual address.
# This output file may be truncated or incomplete.
#
#  Out of Memory Error (os_windows.cpp:3703), pid=22696, tid=35880
#
# JRE version: Java(TM) SE Runtime Environment (23.0.1+11) (build 23.0.1+11-39)
# Java VM: Java HotSpot(TM) 64-Bit Server VM (23.0.1+11-39, mixed mode, sharing, tiered, compressed oops, compressed class ptrs, g1 gc, windows-amd64)
# No core dump will be written. Minidumps are not enabled by default on client versions of Windows
#

---------------  S U M M A R Y ------------

Command Line: -javaagent:E:\FullStack\IntelliJ IDEA Community Edition 2024.3.4.1\lib\idea_rt.jar=62482 -Dfile.encoding=UTF-8 -Dsun.stdout.encoding=UTF-8 -Dsun.stderr.encoding=UTF-8 com.example.invoice.Application

Host: 12th Gen Intel(R) Core(TM) i5-12500H, 16 cores, 7G,  Windows 11 , 64 bit Build 26100 (10.0.26100.7920)
Time: Tue Apr  7 14:36:26 2026 India Standard Time elapsed time: 8.569099 seconds (0d 0h 0m 8s)

---------------  T H R E A D  ---------------

Current thread (0x0000029553c4c9c0):  VMThread "VM Thread"          [id=35880, stack(0x0000009aefe00000,0x0000009aeff00000) (1024K)]

Stack: [0x0000009aefe00000,0x0000009aeff00000]
Native frames: (J=compiled Java code, j=interpreted, Vv=VM code, C=native code)
V  [jvm.dll+0x6e08b9]  (no source info available)
V  [jvm.dll+0x87dc83]  (no source info available)
V  [jvm.dll+0x88010e]  (no source info available)
V  [jvm.dll+0x8807e3]  (no source info available)
V  [jvm.dll+0x27aee6]  (no source info available)
V  [jvm.dll+0x6dd1c5]  (no source info available)
V  [jvm.dll+0x6d104a]  (no source info available)
V  [jvm.dll+0x35b3ea]  (no source info available)
V  [jvm.dll+0x3637f6]  (no source info available)
V  [jvm.dll+0x34fd5e]  (no source info available)
V  [jvm.dll+0x34fff8]  (no source info available)
V  [jvm.dll+0x3289cc]  (no source info available)
V  [jvm.dll+0x328a5a]  (no source info available)
V  [jvm.dll+0x374c92]  (no source info available)
V  [jvm.dll+0x373392]  (no source info available)
V  [jvm.dll+0x3281a7]  (no source info available)
V  [jvm.dll+0x372b44]  (no source info available)
V  [jvm.dll+0x886720]  (no source info available)
V  [jvm.dll+0x887a47]  (no source info available)
V  [jvm.dll+0x887f78]  (no source info available)
V  [jvm.dll+0x888213]  (no source info available)
V  [jvm.dll+0x824f8b]  (no source info available)
V  [jvm.dll+0x6df065]  (no source info available)
C  [ucrtbase.dll+0x37b0]  (no source info available)
C  [KERNEL32.DLL+0x2e8d7]  (no source info available)
C  [ntdll.dll+0x8c48c]  (no source info available)

VM_Operation (0x0000009aef7f9420): G1CollectForAllocation, mode: safepoint, requested by thread 0x0000029534086ef0


---------------  P R O C E S S  ---------------

Threads class SMR info:
_java_thread_list=0x000002959be0ac50, length=20, elements={
0x0000029534086ef0, 0x0000029553c66dc0, 0x0000029553c67820, 0x0000029553c6aa30,
0x0000029553c6b490, 0x0000029553c6c020, 0x0000029553c703b0, 0x0000029553c71270,
0x0000029553c77270, 0x0000029599103a60, 0x0000029599133c90, 0x0000029599665bb0,
0x00000295997c6400, 0x0000029599132150, 0x000002959d4adb50, 0x000002959d4ae1e0,
0x000002959d4ae870, 0x000002959d4ad4c0, 0x000002959d4b3730, 0x000002959d4b3dc0
}

Java Threads: ( => current thread )
  0x0000029534086ef0 JavaThread "main"                              [_thread_blocked, id=22692, stack(0x0000009aef700000,0x0000009aef800000) (1024K)]
  0x0000029553c66dc0 JavaThread "Reference Handler"          daemon [_thread_blocked, id=37776, stack(0x0000009aeff00000,0x0000009af0000000) (1024K)]
  0x0000029553c67820 JavaThread "Finalizer"                  daemon [_thread_blocked, id=11064, stack(0x0000009af0000000,0x0000009af0100000) (1024K)]
  0x0000029553c6aa30 JavaThread "Signal Dispatcher"          daemon [_thread_blocked, id=36992, stack(0x0000009af0100000,0x0000009af0200000) (1024K)]
  0x0000029553c6b490 JavaThread "Attach Listener"            daemon [_thread_blocked, id=36008, stack(0x0000009af0200000,0x0000009af0300000) (1024K)]
  0x0000029553c6c020 JavaThread "Service Thread"             daemon [_thread_blocked, id=31496, stack(0x0000009af0300000,0x0000009af0400000) (1024K)]
  0x0000029553c703b0 JavaThread "Monitor Deflation Thread"   daemon [_thread_blocked, id=36256, stack(0x0000009af0400000,0x0000009af0500000) (1024K)]
  0x0000029553c71270 JavaThread "C2 CompilerThread0"         daemon [_thread_blocked, id=17804, stack(0x0000009af0500000,0x0000009af0600000) (1024K)]
  0x0000029553c77270 JavaThread "C1 CompilerThread0"         daemon [_thread_blocked, id=36196, stack(0x0000009af0600000,0x0000009af0700000) (1024K)]
  0x0000029599103a60 JavaThread "Common-Cleaner"             daemon [_thread_blocked, id=25312, stack(0x0000009af0700000,0x0000009af0800000) (1024K)]
  0x0000029599133c90 JavaThread "C1 CompilerThread1"         daemon [_thread_blocked, id=36956, stack(0x0000009af0800000,0x0000009af0900000) (1024K)]
  0x0000029599665bb0 JavaThread "Monitor Ctrl-Break"         daemon [_thread_in_native, id=27784, stack(0x0000009af0900000,0x0000009af0a00000) (1024K)]
  0x00000295997c6400 JavaThread "Notification Thread"        daemon [_thread_blocked, id=19392, stack(0x0000009af0a00000,0x0000009af0b00000) (1024K)]
  0x0000029599132150 JavaThread "C1 CompilerThread2"         daemon [_thread_blocked, id=17308, stack(0x0000009af1a00000,0x0000009af1b00000) (1024K)]
  0x000002959d4adb50 JavaThread "Cleaner-0"                  daemon [_thread_blocked, id=24864, stack(0x0000009af1100000,0x0000009af1200000) (1024K)]
  0x000002959d4ae1e0 JavaThread "HikariPool-1:housekeeper"   daemon [_thread_blocked, id=12888, stack(0x0000009af1c00000,0x0000009af1d00000) (1024K)]
  0x000002959d4ae870 JavaThread "HikariPool-1:connection-adder" daemon [_thread_blocked, id=4812, stack(0x0000009af1d00000,0x0000009af1e00000) (1024K)]
  0x000002959d4ad4c0 JavaThread "Catalina-utility-1"                [_thread_blocked, id=31504, stack(0x0000009af1e00000,0x0000009af1f00000) (1024K)]
  0x000002959d4b3730 JavaThread "Catalina-utility-2"                [_thread_blocked, id=10372, stack(0x0000009af1f00000,0x0000009af2000000) (1024K)]
  0x000002959d4b3dc0 JavaThread "container-0"                       [_thread_blocked, id=28676, stack(0x0000009af2000000,0x0000009af2100000) (1024K)]
Total: 20

Other Threads:
=>0x0000029553c4c9c0 VMThread "VM Thread"                           [id=35880, stack(0x0000009aefe00000,0x0000009aeff00000) (1024K)]
  0x0000029553c34460 WatcherThread "VM Periodic Task Thread"        [id=32632, stack(0x0000009aefd00000,0x0000009aefe00000) (1024K)]
  0x00000295347854c0 WorkerThread "GC Thread#0"                     [id=6156, stack(0x0000009aef800000,0x0000009aef900000) (1024K)]
  0x0000029599f41c20 WorkerThread "GC Thread#1"                     [id=11456, stack(0x0000009af0b00000,0x0000009af0c00000) (1024K)]
  0x0000029599f86500 WorkerThread "GC Thread#2"                     [id=30292, stack(0x0000009af0c00000,0x0000009af0d00000) (1024K)]
  0x0000029599f8ca40 WorkerThread "GC Thread#3"                     [id=15328, stack(0x0000009af0d00000,0x0000009af0e00000) (1024K)]
  0x0000029599f8d610 WorkerThread "GC Thread#4"                     [id=12680, stack(0x0000009af0e00000,0x0000009af0f00000) (1024K)]
  0x0000029599f919d0 WorkerThread "GC Thread#5"                     [id=35964, stack(0x0000009af0f00000,0x0000009af1000000) (1024K)]
  0x0000029599f929a0 WorkerThread "GC Thread#6"                     [id=28252, stack(0x0000009af1000000,0x0000009af1100000) (1024K)]
  0x000002959a0db0a0 WorkerThread "GC Thread#7"                     [id=35088, stack(0x0000009af1200000,0x0000009af1300000) (1024K)]
  0x000002959a0db450 WorkerThread "GC Thread#8"                     [id=35316, stack(0x0000009af1300000,0x0000009af1400000) (1024K)]
  0x000002959a0da590 WorkerThread "GC Thread#9"                     [id=36584, stack(0x0000009af1400000,0x0000009af1500000) (1024K)]
  0x000002959a0dbf60 WorkerThread "GC Thread#10"                    [id=28928, stack(0x0000009af1500000,0x0000009af1600000) (1024K)]
  0x000002959b1beb80 WorkerThread "GC Thread#11"                    [id=19032, stack(0x0000009af1600000,0x0000009af1700000) (1024K)]
  0x000002959b1bc6a0 WorkerThread "GC Thread#12"                    [id=19324, stack(0x0000009af1700000,0x0000009af1800000) (1024K)]
  0x00000295347998e0 ConcurrentGCThread "G1 Main Marker"            [id=18832, stack(0x0000009aef900000,0x0000009aefa00000) (1024K)]
  0x000002953479b310 WorkerThread "G1 Conc#0"                       [id=15852, stack(0x0000009aefa00000,0x0000009aefb00000) (1024K)]
  0x000002959b1bdcc0 WorkerThread "G1 Conc#1"                       [id=4480, stack(0x0000009af1800000,0x0000009af1900000) (1024K)]
  0x000002959b1bca50 WorkerThread "G1 Conc#2"                       [id=32020, stack(0x0000009af1900000,0x0000009af1a00000) (1024K)]
  0x0000029553afe6e0 ConcurrentGCThread "G1 Refine#0"               [id=37284, stack(0x0000009aefb00000,0x0000009aefc00000) (1024K)]
  0x0000029553afef10 ConcurrentGCThread "G1 Service"                [id=31144, stack(0x0000009aefc00000,0x0000009aefd00000) (1024K)]
Total: 21

Threads with active compile tasks:
C2 CompilerThread0  8621 9071 %     4       org.antlr.v4.runtime.misc.Array2DHashSet::expand @ 68 (247 bytes)
Total: 1

VM state: at safepoint (normal execution)

VM Mutex/Monitor currently owned by a thread:  ([mutex/lock_event])
[0x00007ffcbcf23910] Threads_lock - owner thread: 0x0000029553c4c9c0
[0x00007ffcbcf23a10] Heap_lock - owner thread: 0x0000029534086ef0

Heap address: 0x0000000084e00000, size: 1970 MB, Compressed Oops mode: 32-bit

CDS archive(s) mapped at: [0x0000029554000000-0x0000029554d70000-0x0000029554d70000), size 14090240, SharedBaseAddress: 0x0000029554000000, ArchiveRelocationMode: 1.
Compressed class space mapped at: 0x0000029555000000-0x0000029595000000, reserved size: 1073741824
Narrow klass base: 0x0000029554000000, Narrow klass shift: 0, Narrow klass range: 0x41000000

GC Precious Log:
 CardTable entry size: 512
 Card Set container configuration: InlinePtr #cards 5 size 8 Array Of Cards #cards 10 size 36 Howl #buckets 4 coarsen threshold 1843 Howl Bitmap #cards 512 size 80 coarsen threshold 460 Card regions per heap region 1 cards per card region 2048
 CPUs: 16 total, 16 available
 Memory: 7876M
 Large Page Support: Disabled
 NUMA Support: Disabled
 Compressed Oops: Enabled (32-bit)
 Heap Region Size: 1M
 Heap Min Capacity: 8M
 Heap Initial Capacity: 124M
 Heap Max Capacity: 1970M
 Pre-touch: Disabled
 Parallel Workers: 13
 Concurrent Workers: 3
 Concurrent Refinement Workers: 13
 Periodic GC: Disabled

Heap:
 garbage-first heap   total reserved 2017280K, committed 132096K, used 84857K [0x0000000084e00000, 0x0000000100000000)
  region size 1024K, 3 young (3072K), 3 survivors (3072K)
 Metaspace       used 83372K, committed 83968K, reserved 1179648K
  class space    used 11849K, committed 12096K, reserved 1048576K

Heap Regions: E=young(eden), S=young(survivor), O=old, HS=humongous(starts), HC=humongous(continues), CS=collection set, F=free, TAMS=top-at-mark-start, PB=parsable bottom
|   0|0x0000000084e00000, 0x0000000084f00000, 0x0000000084f00000|100%|HS|  |TAMS 0x0000000084f00000| PB 0x0000000084e00000| Complete |  0
|   1|0x0000000084f00000, 0x0000000085000000, 0x0000000085000000|100%|HS|  |TAMS 0x0000000085000000| PB 0x0000000084f00000| Complete |  0
|   2|0x0000000085000000, 0x0000000085100000, 0x0000000085100000|100%| O|  |TAMS 0x0000000085100000| PB 0x0000000085000000| Untracked |  0
|   3|0x0000000085100000, 0x0000000085200000, 0x0000000085200000|100%| O|  |TAMS 0x0000000085200000| PB 0x0000000085100000| Untracked |  0
|   4|0x0000000085200000, 0x0000000085300000, 0x0000000085300000|100%| O|  |TAMS 0x0000000085300000| PB 0x0000000085200000| Untracked |  0
|   5|0x0000000085300000, 0x0000000085400000, 0x0000000085400000|100%| O|  |TAMS 0x0000000085400000| PB 0x0000000085300000| Untracked |  0
|   6|0x0000000085400000, 0x0000000085500000, 0x0000000085500000|100%| O|  |TAMS 0x0000000085500000| PB 0x0000000085400000| Untracked |  0
|   7|0x0000000085500000, 0x0000000085600000, 0x0000000085600000|100%| O|  |TAMS 0x0000000085600000| PB 0x0000000085500000| Untracked |  0
|   8|0x0000000085600000, 0x0000000085700000, 0x0000000085700000|100%| O|  |TAMS 0x0000000085700000| PB 0x0000000085600000| Untracked |  0
|   9|0x0000000085700000, 0x0000000085800000, 0x0000000085800000|100%| O|  |TAMS 0x0000000085800000| PB 0x0000000085700000| Untracked |  0
|  10|0x0000000085800000, 0x0000000085900000, 0x0000000085900000|100%| O|  |TAMS 0x0000000085900000| PB 0x0000000085800000| Untracked |  0
|  11|0x0000000085900000, 0x0000000085a00000, 0x0000000085a00000|100%| O|  |TAMS 0x0000000085a00000| PB 0x0000000085900000| Untracked |  0
|  12|0x0000000085a00000, 0x0000000085b00000, 0x0000000085b00000|100%| O|  |TAMS 0x0000000085b00000| PB 0x0000000085a00000| Untracked |  0
|  13|0x0000000085b00000, 0x0000000085c00000, 0x0000000085c00000|100%| O|  |TAMS 0x0000000085c00000| PB 0x0000000085b00000| Untracked |  0
|  14|0x0000000085c00000, 0x0000000085d00000, 0x0000000085d00000|100%| O|  |TAMS 0x0000000085d00000| PB 0x0000000085c00000| Untracked |  0
|  15|0x0000000085d00000, 0x0000000085e00000, 0x0000000085e00000|100%| O|  |TAMS 0x0000000085e00000| PB 0x0000000085d00000| Untracked |  0
|  16|0x0000000085e00000, 0x0000000085f00000, 0x0000000085f00000|100%| O|  |TAMS 0x0000000085f00000| PB 0x0000000085e00000| Untracked |  0
|  17|0x0000000085f00000, 0x0000000086000000, 0x0000000086000000|100%| O|  |TAMS 0x0000000086000000| PB 0x0000000085f00000| Untracked |  0
|  18|0x0000000086000000, 0x0000000086100000, 0x0000000086100000|100%| O|  |TAMS 0x0000000086100000| PB 0x0000000086000000| Untracked |  0
|  19|0x0000000086100000, 0x0000000086200000, 0x0000000086200000|100%| O|  |TAMS 0x0000000086200000| PB 0x0000000086100000| Untracked |  0
|  20|0x0000000086200000, 0x0000000086300000, 0x0000000086300000|100%| O|  |TAMS 0x0000000086300000| PB 0x0000000086200000| Untracked |  0
|  21|0x0000000086300000, 0x0000000086400000, 0x0000000086400000|100%| O|  |TAMS 0x0000000086400000| PB 0x0000000086300000| Untracked |  0
|  22|0x0000000086400000, 0x0000000086500000, 0x0000000086500000|100%| O|  |TAMS 0x0000000086500000| PB 0x0000000086400000| Untracked |  0
|  23|0x0000000086500000, 0x0000000086600000, 0x0000000086600000|100%| O|  |TAMS 0x0000000086600000| PB 0x0000000086500000| Untracked |  0
|  24|0x0000000086600000, 0x0000000086700000, 0x0000000086700000|100%| O|  |TAMS 0x0000000086700000| PB 0x0000000086600000| Untracked |  0
|  25|0x0000000086700000, 0x0000000086800000, 0x0000000086800000|100%| O|  |TAMS 0x0000000086800000| PB 0x0000000086700000| Untracked |  0
|  26|0x0000000086800000, 0x0000000086900000, 0x0000000086900000|100%| O|  |TAMS 0x0000000086900000| PB 0x0000000086800000| Untracked |  0
|  27|0x0000000086900000, 0x0000000086a00000, 0x0000000086a00000|100%| O|  |TAMS 0x0000000086a00000| PB 0x0000000086900000| Untracked |  0
|  28|0x0000000086a00000, 0x0000000086b00000, 0x0000000086b00000|100%| O|  |TAMS 0x0000000086b00000| PB 0x0000000086a00000| Untracked |  0
|  29|0x0000000086b00000, 0x0000000086c00000, 0x0000000086c00000|100%| O|  |TAMS 0x0000000086c00000| PB 0x0000000086b00000| Untracked |  0
|  30|0x0000000086c00000, 0x0000000086d00000, 0x0000000086d00000|100%| O|  |TAMS 0x0000000086d00000| PB 0x0000000086c00000| Untracked |  0
|  31|0x0000000086d00000, 0x0000000086e00000, 0x0000000086e00000|100%| O|  |TAMS 0x0000000086e00000| PB 0x0000000086d00000| Untracked |  0
|  32|0x0000000086e00000, 0x0000000086f00000, 0x0000000086f00000|100%| O|  |TAMS 0x0000000086f00000| PB 0x0000000086e00000| Untracked |  0
|  33|0x0000000086f00000, 0x0000000087000000, 0x0000000087000000|100%| O|  |TAMS 0x0000000087000000| PB 0x0000000086f00000| Untracked |  0
|  34|0x0000000087000000, 0x0000000087100000, 0x0000000087100000|100%| O|  |TAMS 0x0000000087100000| PB 0x0000000087100000| Untracked |  0
|  35|0x0000000087100000, 0x0000000087200000, 0x0000000087200000|100%| O|  |TAMS 0x0000000087200000| PB 0x0000000087200000| Untracked |  0
|  36|0x0000000087200000, 0x0000000087300000, 0x0000000087300000|100%| O|  |TAMS 0x0000000087300000| PB 0x0000000087300000| Untracked |  0
|  37|0x0000000087300000, 0x0000000087400000, 0x0000000087400000|100%| O|Cm|TAMS 0x0000000087400000| PB 0x0000000087400000| Updating |  0
|  38|0x0000000087400000, 0x0000000087500000, 0x0000000087500000|100%| O|  |TAMS 0x0000000087500000| PB 0x0000000087500000| Untracked |  0
|  39|0x0000000087500000, 0x0000000087600000, 0x0000000087600000|100%| O|Cm|TAMS 0x0000000087600000| PB 0x0000000087600000| Updating |  0
|  40|0x0000000087600000, 0x0000000087700000, 0x0000000087700000|100%| O|Cm|TAMS 0x0000000087700000| PB 0x0000000087700000| Updating |  0
|  41|0x0000000087700000, 0x0000000087800000, 0x0000000087800000|100%| O|Cm|TAMS 0x0000000087800000| PB 0x0000000087800000| Updating |  0
|  42|0x0000000087800000, 0x0000000087900000, 0x0000000087900000|100%| O|Cm|TAMS 0x0000000087900000| PB 0x0000000087900000| Updating |  0
|  43|0x0000000087900000, 0x0000000087a00000, 0x0000000087a00000|100%| O|Cm|TAMS 0x0000000087a00000| PB 0x0000000087a00000| Updating |  0
|  44|0x0000000087a00000, 0x0000000087b00000, 0x0000000087b00000|100%| O|Cm|TAMS 0x0000000087b00000| PB 0x0000000087b00000| Updating |  0
|  45|0x0000000087b00000, 0x0000000087c00000, 0x0000000087c00000|100%| O|Cm|TAMS 0x0000000087c00000| PB 0x0000000087c00000| Updating |  0
|  46|0x0000000087c00000, 0x0000000087d00000, 0x0000000087d00000|100%| O|Cm|TAMS 0x0000000087d00000| PB 0x0000000087d00000| Updating |  0
|  47|0x0000000087d00000, 0x0000000087e00000, 0x0000000087e00000|100%| O|Cm|TAMS 0x0000000087e00000| PB 0x0000000087e00000| Updating |  0
|  48|0x0000000087e00000, 0x0000000087f00000, 0x0000000087f00000|100%| O|  |TAMS 0x0000000087e00000| PB 0x0000000087e00000| Untracked |  0
|  49|0x0000000087f00000, 0x0000000088000000, 0x0000000088000000|100%| O|Cm|TAMS 0x0000000088000000| PB 0x0000000088000000| Updating |  0
|  50|0x0000000088000000, 0x0000000088100000, 0x0000000088100000|100%| O|Cm|TAMS 0x0000000088100000| PB 0x0000000088100000| Updating |  0
|  51|0x0000000088100000, 0x0000000088200000, 0x0000000088200000|100%| O|Cm|TAMS 0x0000000088200000| PB 0x0000000088200000| Updating |  0
|  52|0x0000000088200000, 0x0000000088300000, 0x0000000088300000|100%| O|Cm|TAMS 0x0000000088300000| PB 0x0000000088300000| Updating |  0
|  53|0x0000000088300000, 0x0000000088400000, 0x0000000088400000|100%| O|  |TAMS 0x0000000088400000| PB 0x0000000088400000| Untracked |  0
|  54|0x0000000088400000, 0x0000000088500000, 0x0000000088500000|100%| O|  |TAMS 0x0000000088500000| PB 0x0000000088500000| Untracked |  0
|  55|0x0000000088500000, 0x0000000088600000, 0x0000000088600000|100%| O|Cm|TAMS 0x0000000088600000| PB 0x0000000088600000| Updating |  0
|  56|0x0000000088600000, 0x0000000088700000, 0x0000000088700000|100%| O|  |TAMS 0x0000000088700000| PB 0x0000000088700000| Untracked |  0
|  57|0x0000000088700000, 0x0000000088800000, 0x0000000088800000|100%| O|  |TAMS 0x0000000088800000| PB 0x0000000088800000| Untracked |  0
|  58|0x0000000088800000, 0x0000000088900000, 0x0000000088900000|100%| O|  |TAMS 0x0000000088900000| PB 0x0000000088900000| Untracked |  0
|  59|0x0000000088900000, 0x0000000088a00000, 0x0000000088a00000|100%| O|  |TAMS 0x0000000088a00000| PB 0x0000000088a00000| Untracked |  0
|  60|0x0000000088a00000, 0x0000000088b00000, 0x0000000088b00000|100%| O|  |TAMS 0x0000000088b00000| PB 0x0000000088b00000| Untracked |  0
|  61|0x0000000088b00000, 0x0000000088c00000, 0x0000000088c00000|100%| O|  |TAMS 0x0000000088c00000| PB 0x0000000088c00000| Untracked |  0
|  62|0x0000000088c00000, 0x0000000088d00000, 0x0000000088d00000|100%| O|  |TAMS 0x0000000088d00000| PB 0x0000000088d00000| Untracked |  0
|  63|0x0000000088d00000, 0x0000000088e00000, 0x0000000088e00000|100%| O|  |TAMS 0x0000000088e00000| PB 0x0000000088e00000| Untracked |  0
|  64|0x0000000088e00000, 0x0000000088f00000, 0x0000000088f00000|100%| O|  |TAMS 0x0000000088f00000| PB 0x0000000088f00000| Untracked |  0
|  65|0x0000000088f00000, 0x0000000089000000, 0x0000000089000000|100%| O|  |TAMS 0x0000000088f00000| PB 0x0000000088f00000| Untracked |  0
|  66|0x0000000089000000, 0x0000000089100000, 0x0000000089100000|100%| O|  |TAMS 0x0000000089000000| PB 0x0000000089000000| Untracked |  0
|  67|0x0000000089100000, 0x0000000089200000, 0x0000000089200000|100%| O|  |TAMS 0x0000000089100000| PB 0x0000000089100000| Untracked |  0
|  68|0x0000000089200000, 0x0000000089300000, 0x0000000089300000|100%| O|  |TAMS 0x0000000089200000| PB 0x0000000089200000| Untracked |  0
|  69|0x0000000089300000, 0x0000000089400000, 0x0000000089400000|100%| O|  |TAMS 0x0000000089300000| PB 0x0000000089300000| Untracked |  0
|  70|0x0000000089400000, 0x0000000089500000, 0x0000000089500000|100%| O|  |TAMS 0x0000000089500000| PB 0x0000000089500000| Untracked |  0
|  71|0x0000000089500000, 0x0000000089600000, 0x0000000089600000|100%| O|  |TAMS 0x000000008958bb40| PB 0x000000008958bb40| Untracked |  0
|  72|0x0000000089600000, 0x0000000089700000, 0x0000000089700000|100%|HS|  |TAMS 0x0000000089600000| PB 0x0000000089600000| Complete |  0
|  73|0x0000000089700000, 0x0000000089800000, 0x0000000089800000|100%| O|  |TAMS 0x0000000089700000| PB 0x0000000089700000| Untracked |  0
|  74|0x0000000089800000, 0x0000000089900000, 0x0000000089900000|100%| O|  |TAMS 0x0000000089800000| PB 0x0000000089800000| Untracked |  0
|  75|0x0000000089900000, 0x0000000089a00000, 0x0000000089a00000|100%| O|  |TAMS 0x0000000089900000| PB 0x0000000089900000| Untracked |  0
|  76|0x0000000089a00000, 0x0000000089b00000, 0x0000000089b00000|100%| O|  |TAMS 0x0000000089a00000| PB 0x0000000089a00000| Untracked |  0
|  77|0x0000000089b00000, 0x0000000089bde7f0, 0x0000000089c00000| 86%| O|  |TAMS 0x0000000089b00000| PB 0x0000000089b00000| Untracked |  0
|  78|0x0000000089c00000, 0x0000000089c00000, 0x0000000089d00000|  0%| F|  |TAMS 0x0000000089c00000| PB 0x0000000089c00000| Untracked |  0
|  79|0x0000000089d00000, 0x0000000089d00000, 0x0000000089e00000|  0%| F|  |TAMS 0x0000000089d00000| PB 0x0000000089d00000| Untracked |  0
|  80|0x0000000089e00000, 0x0000000089e00000, 0x0000000089f00000|  0%| F|  |TAMS 0x0000000089e00000| PB 0x0000000089e00000| Untracked |  0
|  81|0x0000000089f00000, 0x0000000089f00000, 0x000000008a000000|  0%| F|  |TAMS 0x0000000089f00000| PB 0x0000000089f00000| Untracked |  0
|  82|0x000000008a000000, 0x000000008a000000, 0x000000008a100000|  0%| F|  |TAMS 0x000000008a000000| PB 0x000000008a000000| Untracked |  0
|  83|0x000000008a100000, 0x000000008a100000, 0x000000008a200000|  0%| F|  |TAMS 0x000000008a100000| PB 0x000000008a100000| Untracked |  0
|  84|0x000000008a200000, 0x000000008a200000, 0x000000008a300000|  0%| F|  |TAMS 0x000000008a200000| PB 0x000000008a200000| Untracked |  0
|  85|0x000000008a300000, 0x000000008a300000, 0x000000008a400000|  0%| F|  |TAMS 0x000000008a300000| PB 0x000000008a300000| Untracked |  0
|  86|0x000000008a400000, 0x000000008a400000, 0x000000008a500000|  0%| F|  |TAMS 0x000000008a400000| PB 0x000000008a400000| Untracked |  0
|  87|0x000000008a500000, 0x000000008a500000, 0x000000008a600000|  0%| F|  |TAMS 0x000000008a500000| PB 0x000000008a500000| Untracked |  0
|  88|0x000000008a600000, 0x000000008a600000, 0x000000008a700000|  0%| F|  |TAMS 0x000000008a600000| PB 0x000000008a600000| Untracked |  0
|  89|0x000000008a700000, 0x000000008a700000, 0x000000008a800000|  0%| F|  |TAMS 0x000000008a700000| PB 0x000000008a700000| Untracked |  0
|  90|0x000000008a800000, 0x000000008a800000, 0x000000008a900000|  0%| F|  |TAMS 0x000000008a800000| PB 0x000000008a800000| Untracked |  0
|  91|0x000000008a900000, 0x000000008a900000, 0x000000008aa00000|  0%| F|  |TAMS 0x000000008a900000| PB 0x000000008a900000| Untracked |  0
|  92|0x000000008aa00000, 0x000000008aa00000, 0x000000008ab00000|  0%| F|  |TAMS 0x000000008aa00000| PB 0x000000008aa00000| Untracked |  0
|  93|0x000000008ab00000, 0x000000008ab00000, 0x000000008ac00000|  0%| F|  |TAMS 0x000000008ab00000| PB 0x000000008ab00000| Untracked |  0
|  94|0x000000008ac00000, 0x000000008ac00000, 0x000000008ad00000|  0%| F|  |TAMS 0x000000008ac00000| PB 0x000000008ac00000| Untracked |  0
|  95|0x000000008ad00000, 0x000000008ad00000, 0x000000008ae00000|  0%| F|  |TAMS 0x000000008ad00000| PB 0x000000008ad00000| Untracked |  0
|  96|0x000000008ae00000, 0x000000008ae00000, 0x000000008af00000|  0%| F|  |TAMS 0x000000008ae00000| PB 0x000000008ae00000| Untracked |  0
|  97|0x000000008af00000, 0x000000008af00000, 0x000000008b000000|  0%| F|  |TAMS 0x000000008af00000| PB 0x000000008af00000| Untracked |  0
|  98|0x000000008b000000, 0x000000008b000000, 0x000000008b100000|  0%| F|  |TAMS 0x000000008b000000| PB 0x000000008b000000| Untracked |  0
|  99|0x000000008b100000, 0x000000008b100000, 0x000000008b200000|  0%| F|  |TAMS 0x000000008b100000| PB 0x000000008b100000| Untracked |  0
| 100|0x000000008b200000, 0x000000008b200000, 0x000000008b300000|  0%| F|  |TAMS 0x000000008b200000| PB 0x000000008b200000| Untracked |  0
| 101|0x000000008b300000, 0x000000008b300000, 0x000000008b400000|  0%| F|  |TAMS 0x000000008b300000| PB 0x000000008b300000| Untracked |  0
| 102|0x000000008b400000, 0x000000008b400000, 0x000000008b500000|  0%| F|  |TAMS 0x000000008b400000| PB 0x000000008b400000| Untracked |  0
| 103|0x000000008b500000, 0x000000008b500000, 0x000000008b600000|  0%| F|  |TAMS 0x000000008b500000| PB 0x000000008b500000| Untracked |  0
| 104|0x000000008b600000, 0x000000008b600000, 0x000000008b700000|  0%| F|  |TAMS 0x000000008b600000| PB 0x000000008b600000| Untracked |  0
| 105|0x000000008b700000, 0x000000008b700000, 0x000000008b800000|  0%| F|  |TAMS 0x000000008b700000| PB 0x000000008b700000| Untracked |  0
| 106|0x000000008b800000, 0x000000008b800000, 0x000000008b900000|  0%| F|  |TAMS 0x000000008b800000| PB 0x000000008b800000| Untracked |  0
| 107|0x000000008b900000, 0x000000008b900000, 0x000000008ba00000|  0%| F|  |TAMS 0x000000008b900000| PB 0x000000008b900000| Untracked |  0
| 108|0x000000008ba00000, 0x000000008ba00000, 0x000000008bb00000|  0%| F|  |TAMS 0x000000008ba00000| PB 0x000000008ba00000| Untracked |  0
| 109|0x000000008bb00000, 0x000000008bb00000, 0x000000008bc00000|  0%| F|  |TAMS 0x000000008bb00000| PB 0x000000008bb00000| Untracked |  0
| 110|0x000000008bc00000, 0x000000008bc00000, 0x000000008bd00000|  0%| F|  |TAMS 0x000000008bc00000| PB 0x000000008bc00000| Untracked |  0
| 111|0x000000008bd00000, 0x000000008bd00000, 0x000000008be00000|  0%| F|  |TAMS 0x000000008bd00000| PB 0x000000008bd00000| Untracked |  0
| 112|0x000000008be00000, 0x000000008be00000, 0x000000008bf00000|  0%| F|  |TAMS 0x000000008be00000| PB 0x000000008be00000| Untracked |  0
| 113|0x000000008bf00000, 0x000000008bf00000, 0x000000008c000000|  0%| F|  |TAMS 0x000000008bf00000| PB 0x000000008bf00000| Untracked |  0
| 114|0x000000008c000000, 0x000000008c000000, 0x000000008c100000|  0%| F|  |TAMS 0x000000008c000000| PB 0x000000008c000000| Untracked |  0
| 115|0x000000008c100000, 0x000000008c100000, 0x000000008c200000|  0%| F|  |TAMS 0x000000008c100000| PB 0x000000008c100000| Untracked |  0
| 116|0x000000008c200000, 0x000000008c200000, 0x000000008c300000|  0%| F|  |TAMS 0x000000008c200000| PB 0x000000008c200000| Untracked |  0
| 117|0x000000008c300000, 0x000000008c300000, 0x000000008c400000|  0%| F|  |TAMS 0x000000008c300000| PB 0x000000008c300000| Untracked |  0
| 118|0x000000008c400000, 0x000000008c400000, 0x000000008c500000|  0%| F|  |TAMS 0x000000008c400000| PB 0x000000008c400000| Untracked |  0
| 119|0x000000008c500000, 0x000000008c500000, 0x000000008c600000|  0%| F|  |TAMS 0x000000008c500000| PB 0x000000008c500000| Untracked |  0
| 120|0x000000008c600000, 0x000000008c600000, 0x000000008c700000|  0%| F|  |TAMS 0x000000008c600000| PB 0x000000008c600000| Untracked |  0
| 121|0x000000008c700000, 0x000000008c800000, 0x000000008c800000|100%| S|CS|TAMS 0x000000008c700000| PB 0x000000008c700000| Complete |  0
| 122|0x000000008c800000, 0x000000008c900000, 0x000000008c900000|100%| S|CS|TAMS 0x000000008c800000| PB 0x000000008c800000| Complete |  0
| 123|0x000000008c900000, 0x000000008c900000, 0x000000008ca00000|  0%| F|  |TAMS 0x000000008c900000| PB 0x000000008c900000| Untracked |  0
| 124|0x000000008ca00000, 0x000000008cb00000, 0x000000008cb00000|100%| S|CS|TAMS 0x000000008ca00000| PB 0x000000008ca00000| Complete |  0
| 125|0x000000008cb00000, 0x000000008cb00000, 0x000000008cc00000|  0%| F|  |TAMS 0x000000008cb00000| PB 0x000000008cb00000| Untracked |  0
| 126|0x000000008cc00000, 0x000000008cc00000, 0x000000008cd00000|  0%| F|  |TAMS 0x000000008cc00000| PB 0x000000008cc00000| Untracked |  0
|1968|0x00000000ffe00000, 0x00000000fff00000, 0x00000000fff00000|100%| O|  |TAMS 0x00000000fff00000| PB 0x00000000ffe00000| Untracked |  0
|1969|0x00000000fff00000, 0x0000000100000000, 0x0000000100000000|100%| O|  |TAMS 0x0000000100000000| PB 0x00000000fff00000| Untracked |  0

Card table byte_map: [0x000002954e940000,0x000002954ed20000] _byte_map_base: 0x000002954e519000

Marking Bits: (CMBitMap*) 0x0000029534785bd0
 Bits: [0x000002954ed20000, 0x0000029550be8000)

Polling page: 0x00000295344c0000

Metaspace:

Usage:
  Non-class:     69.85 MB used.
      Class:     11.57 MB used.
       Both:     81.42 MB used.

Virtual space:
  Non-class space:      128.00 MB reserved,      70.19 MB ( 55%) committed,  2 nodes.
      Class space:        1.00 GB reserved,      11.81 MB (  1%) committed,  1 nodes.
             Both:        1.12 GB reserved,      82.00 MB (  7%) committed. 

Chunk freelists:
   Non-Class:  9.85 MB
       Class:  4.06 MB
        Both:  13.91 MB

MaxMetaspaceSize: unlimited
CompressedClassSpaceSize: 1.00 GB
Initial GC threshold: 21.00 MB
Current GC threshold: 136.69 MB
CDS: on
 - commit_granule_bytes: 65536.
 - commit_granule_words: 8192.
 - virtual_space_node_default_size: 8388608.
 - enlarge_chunks_in_place: 1.
 - use_allocation_guard: 0.


Internal statistics:

num_allocs_failed_limit: 9.
num_arena_births: 900.
num_arena_deaths: 0.
num_vsnodes_births: 3.
num_vsnodes_deaths: 0.
num_space_committed: 1312.
num_space_uncommitted: 0.
num_chunks_returned_to_freelist: 9.
num_chunks_taken_from_freelist: 3871.
num_chunk_merges: 9.
num_chunk_splits: 2873.
num_chunks_enlarged: 2342.
num_inconsistent_stats: 0.

CodeHeap 'non-profiled nmethods': size=119232Kb used=3129Kb max_used=3389Kb free=116102Kb
 bounds [0x0000029546130000, 0x0000029546490000, 0x000002954d5a0000]
CodeHeap 'profiled nmethods': size=119104Kb used=11754Kb max_used=12682Kb free=107349Kb
 bounds [0x000002953e5a0000, 0x000002953f220000, 0x00000295459f0000]
CodeHeap 'non-nmethods': size=7424Kb used=2813Kb max_used=2866Kb free=4610Kb
 bounds [0x00000295459f0000, 0x0000029545cd0000, 0x0000029546130000]
CodeCache: size=245760Kb, used=17696Kb, max_used=18937Kb, free=228061Kb
 total_blobs=8512, nmethods=7776, adapters=637, full_count=0
Compilation: enabled, stopped_count=0, restarted_count=0

Compilation events (20 events):
Event: 7.421 Thread 0x0000029599133c90 9066       3       org.antlr.v4.runtime.atn.PredictionMode::getConflictingAltSubsets (81 bytes)
Event: 7.422 Thread 0x0000029599132150 9067       3       org.antlr.v4.runtime.atn.PredictionMode::hasConflictingAltSet (41 bytes)
Event: 7.422 Thread 0x0000029599132150 nmethod 9067 0x000002953e646308 code [0x000002953e646480, 0x000002953e646a50]
Event: 7.422 Thread 0x0000029599133c90 nmethod 9066 0x000002953ed7db08 code [0x000002953ed7dd20, 0x000002953ed7ed38]
Event: 7.422 Thread 0x0000029599133c90 9068       3       org.antlr.v4.runtime.atn.ParserATNSimulator::closure (44 bytes)
Event: 7.422 Thread 0x0000029599133c90 nmethod 9068 0x000002953ea45188 code [0x000002953ea452a0, 0x000002953ea45498]
Event: 7.424 Thread 0x0000029553c71270 nmethod 9062% 0x00000295462deb88 code [0x00000295462decc0, 0x00000295462df1b0]
Event: 7.424 Thread 0x0000029553c71270 8643       4       java.util.concurrent.atomic.AtomicInteger::getAndIncrement (12 bytes)
Event: 7.424 Thread 0x0000029553c71270 nmethod 8643 0x000002954640bf08 code [0x000002954640c000, 0x000002954640c080]
Event: 7.424 Thread 0x0000029553c71270 8684       4       org.antlr.v4.runtime.atn.ATNConfig::<init> (15 bytes)
Event: 7.425 Thread 0x0000029553c71270 nmethod 8684 0x000002954640ba08 code [0x000002954640bb20, 0x000002954640be70]
Event: 7.425 Thread 0x0000029553c71270 8672       4       org.antlr.v4.runtime.atn.PredictionContext::mergeSingletons (392 bytes)
Event: 7.430 Thread 0x0000029553c77270 9070 %     3       java.util.ArrayList::equalsArrayList @ 66 (108 bytes)
Event: 7.434 Thread 0x0000029553c77270 nmethod 9070% 0x000002953e743f88 code [0x000002953e744140, 0x000002953e744a50]
Event: 7.436 Thread 0x0000029553c71270 nmethod 8672 0x00000295462a2908 code [0x00000295462a2b20, 0x00000295462a3c10]
Event: 7.436 Thread 0x0000029553c71270 9069 %     4       org.antlr.v4.runtime.misc.FlexibleHashMap::expand @ 90 (151 bytes)
Event: 7.445 Thread 0x0000029553c71270 nmethod 9069% 0x0000029546278888 code [0x0000029546278a00, 0x0000029546279310]
Event: 7.445 Thread 0x0000029553c71270 9071 %     4       org.antlr.v4.runtime.misc.Array2DHashSet::expand @ 68 (247 bytes)
Event: 7.446 Thread 0x0000029553c77270 9073       2       java.util.IdentityHashMap::nextKeyIndex (15 bytes)
Event: 7.447 Thread 0x0000029553c77270 nmethod 9073 0x000002953eaa5f88 code [0x000002953eaa60a0, 0x000002953eaa6198]

GC Heap History (20 events):
Event: 6.571 GC heap after
{Heap after GC invocations=17 (full 0):
 garbage-first heap   total reserved 2017280K, committed 82944K, used 37954K [0x0000000084e00000, 0x0000000100000000)
  region size 1024K, 5 young (5120K), 5 survivors (5120K)
 Metaspace       used 78598K, committed 79232K, reserved 1179648K
  class space    used 10941K, committed 11200K, reserved 1048576K
}
Event: 6.720 GC heap before
{Heap before GC invocations=17 (full 0):
 garbage-first heap   total reserved 2017280K, committed 82944K, used 71746K [0x0000000084e00000, 0x0000000100000000)
  region size 1024K, 38 young (38912K), 5 survivors (5120K)
 Metaspace       used 79225K, committed 79872K, reserved 1179648K
  class space    used 11020K, committed 11328K, reserved 1048576K
}
Event: 6.724 GC heap after
{Heap after GC invocations=18 (full 0):
 garbage-first heap   total reserved 2017280K, committed 82944K, used 40427K [0x0000000084e00000, 0x0000000100000000)
  region size 1024K, 5 young (5120K), 5 survivors (5120K)
 Metaspace       used 79225K, committed 79872K, reserved 1179648K
  class space    used 11020K, committed 11328K, reserved 1048576K
}
Event: 6.826 GC heap before
{Heap before GC invocations=19 (full 0):
 garbage-first heap   total reserved 2017280K, committed 82944K, used 72171K [0x0000000084e00000, 0x0000000100000000)
  region size 1024K, 36 young (36864K), 5 survivors (5120K)
 Metaspace       used 79225K, committed 79872K, reserved 1179648K
  class space    used 11020K, committed 11328K, reserved 1048576K
}
Event: 6.830 GC heap after
{Heap after GC invocations=20 (full 0):
 garbage-first heap   total reserved 2017280K, committed 82944K, used 43114K [0x0000000084e00000, 0x0000000100000000)
  region size 1024K, 5 young (5120K), 5 survivors (5120K)
 Metaspace       used 79225K, committed 79872K, reserved 1179648K
  class space    used 11020K, committed 11328K, reserved 1048576K
}
Event: 7.009 GC heap before
{Heap before GC invocations=20 (full 0):
 garbage-first heap   total reserved 2017280K, committed 82944K, used 71786K [0x0000000084e00000, 0x0000000100000000)
  region size 1024K, 33 young (33792K), 5 survivors (5120K)
 Metaspace       used 80842K, committed 81472K, reserved 1179648K
  class space    used 11454K, committed 11712K, reserved 1048576K
}
Event: 7.014 GC heap after
{Heap after GC invocations=21 (full 0):
 garbage-first heap   total reserved 2017280K, committed 82944K, used 47703K [0x0000000084e00000, 0x0000000100000000)
  region size 1024K, 5 young (5120K), 5 survivors (5120K)
 Metaspace       used 80842K, committed 81472K, reserved 1179648K
  class space    used 11454K, committed 11712K, reserved 1048576K
}
Event: 7.109 GC heap before
{Heap before GC invocations=21 (full 0):
 garbage-first heap   total reserved 2017280K, committed 82944K, used 72279K [0x0000000084e00000, 0x0000000100000000)
  region size 1024K, 29 young (29696K), 5 survivors (5120K)
 Metaspace       used 80873K, committed 81472K, reserved 1179648K
  class space    used 11454K, committed 11712K, reserved 1048576K
}
Event: 7.112 GC heap after
{Heap after GC invocations=22 (full 0):
 garbage-first heap   total reserved 2017280K, committed 82944K, used 50767K [0x0000000084e00000, 0x0000000100000000)
  region size 1024K, 3 young (3072K), 3 survivors (3072K)
 Metaspace       used 80873K, committed 81472K, reserved 1179648K
  class space    used 11454K, committed 11712K, reserved 1048576K
}
Event: 7.261 GC heap before
{Heap before GC invocations=23 (full 0):
 garbage-first heap   total reserved 2017280K, committed 86016K, used 73295K [0x0000000084e00000, 0x0000000100000000)
  region size 1024K, 26 young (26624K), 3 survivors (3072K)
 Metaspace       used 83136K, committed 83776K, reserved 1179648K
  class space    used 11825K, committed 12096K, reserved 1048576K
}
Event: 7.264 GC heap after
{Heap after GC invocations=24 (full 0):
 garbage-first heap   total reserved 2017280K, committed 86016K, used 53555K [0x0000000084e00000, 0x0000000100000000)
  region size 1024K, 4 young (4096K), 4 survivors (4096K)
 Metaspace       used 83136K, committed 83776K, reserved 1179648K
  class space    used 11825K, committed 12096K, reserved 1048576K
}
Event: 7.306 GC heap before
{Heap before GC invocations=24 (full 0):
 garbage-first heap   total reserved 2017280K, committed 86016K, used 75059K [0x0000000084e00000, 0x0000000100000000)
  region size 1024K, 25 young (25600K), 4 survivors (4096K)
 Metaspace       used 83170K, committed 83776K, reserved 1179648K
  class space    used 11828K, committed 12096K, reserved 1048576K
}
Event: 7.310 GC heap after
{Heap after GC invocations=25 (full 0):
 garbage-first heap   total reserved 2017280K, committed 107520K, used 57545K [0x0000000084e00000, 0x0000000100000000)
  region size 1024K, 4 young (4096K), 4 survivors (4096K)
 Metaspace       used 83170K, committed 83776K, reserved 1179648K
  class space    used 11828K, committed 12096K, reserved 1048576K
}
Event: 7.381 GC heap before
{Heap before GC invocations=25 (full 0):
 garbage-first heap   total reserved 2017280K, committed 107520K, used 91337K [0x0000000084e00000, 0x0000000100000000)
  region size 1024K, 37 young (37888K), 4 survivors (4096K)
 Metaspace       used 83372K, committed 83968K, reserved 1179648K
  class space    used 11849K, committed 12096K, reserved 1048576K
}
Event: 7.386 GC heap after
{Heap after GC invocations=26 (full 0):
 garbage-first heap   total reserved 2017280K, committed 107520K, used 66225K [0x0000000084e00000, 0x0000000100000000)
  region size 1024K, 5 young (5120K), 5 survivors (5120K)
 Metaspace       used 83372K, committed 83968K, reserved 1179648K
  class space    used 11849K, committed 12096K, reserved 1048576K
}
Event: 7.416 GC heap before
{Heap before GC invocations=26 (full 0):
 garbage-first heap   total reserved 2017280K, committed 107520K, used 91825K [0x0000000084e00000, 0x0000000100000000)
  region size 1024K, 30 young (30720K), 5 survivors (5120K)
 Metaspace       used 83372K, committed 83968K, reserved 1179648K
  class space    used 11849K, committed 12096K, reserved 1048576K
}
Event: 7.421 GC heap after
{Heap after GC invocations=27 (full 0):
 garbage-first heap   total reserved 2017280K, committed 107520K, used 74286K [0x0000000084e00000, 0x0000000100000000)
  region size 1024K, 4 young (4096K), 4 survivors (4096K)
 Metaspace       used 83372K, committed 83968K, reserved 1179648K
  class space    used 11849K, committed 12096K, reserved 1048576K
}
Event: 7.430 GC heap before
{Heap before GC invocations=27 (full 0):
 garbage-first heap   total reserved 2017280K, committed 107520K, used 83502K [0x0000000084e00000, 0x0000000100000000)
  region size 1024K, 14 young (14336K), 4 survivors (4096K)
 Metaspace       used 83372K, committed 83968K, reserved 1179648K
  class space    used 11849K, committed 12096K, reserved 1048576K
}
Event: 7.434 GC heap after
{Heap after GC invocations=28 (full 0):
 garbage-first heap   total reserved 2017280K, committed 107520K, used 78574K [0x0000000084e00000, 0x0000000100000000)
  region size 1024K, 3 young (3072K), 3 survivors (3072K)
 Metaspace       used 83372K, committed 83968K, reserved 1179648K
  class space    used 11849K, committed 12096K, reserved 1048576K
}
Event: 7.463 GC heap before
{Heap before GC invocations=29 (full 0):
 garbage-first heap   total reserved 2017280K, committed 132096K, used 94958K [0x0000000084e00000, 0x0000000100000000)
  region size 1024K, 19 young (19456K), 3 survivors (3072K)
 Metaspace       used 83372K, committed 83968K, reserved 1179648K
  class space    used 11849K, committed 12096K, reserved 1048576K
}

Dll operation events (12 events):
Event: 0.011 Loaded shared library C:\Program Files\Java\jdk-23\bin\java.dll
Event: 0.035 Loaded shared library C:\Program Files\Java\jdk-23\bin\jsvml.dll
Event: 0.103 Loaded shared library C:\Program Files\Java\jdk-23\bin\zip.dll
Event: 0.107 Loaded shared library C:\Program Files\Java\jdk-23\bin\instrument.dll
Event: 0.112 Loaded shared library C:\Program Files\Java\jdk-23\bin\net.dll
Event: 0.113 Loaded shared library C:\Program Files\Java\jdk-23\bin\nio.dll
Event: 0.116 Loaded shared library C:\Program Files\Java\jdk-23\bin\zip.dll
Event: 0.344 Loaded shared library C:\Program Files\Java\jdk-23\bin\extnet.dll
Event: 0.360 Loaded shared library C:\Program Files\Java\jdk-23\bin\jimage.dll
Event: 1.286 Loaded shared library C:\Program Files\Java\jdk-23\bin\sunmscapi.dll
Event: 3.371 Loaded shared library C:\Program Files\Java\jdk-23\bin\management.dll
Event: 3.372 Loaded shared library C:\Program Files\Java\jdk-23\bin\management_ext.dll

Deoptimization events (20 events):
Event: 7.315 Thread 0x0000029534086ef0 DEOPT PACKING pc=0x00000295462c32a8 sp=0x0000009aef7fb910
Event: 7.315 Thread 0x0000029534086ef0 DEOPT UNPACKING pc=0x0000029545a44402 sp=0x0000009aef7fb8c0 mode 2
Event: 7.356 Thread 0x0000029534086ef0 Uncommon trap: trap_request=0xffffffde fr.pc=0x00000295462f42b8 relative=0x00000000000030f8
Event: 7.356 Thread 0x0000029534086ef0 Uncommon trap: reason=class_check action=maybe_recompile pc=0x00000295462f42b8 method=org.antlr.v4.runtime.atn.SingletonPredictionContext.equals(Ljava/lang/Object;)Z @ 8 c2
Event: 7.356 Thread 0x0000029534086ef0 DEOPT PACKING pc=0x00000295462f42b8 sp=0x0000009aef7fb4d0
Event: 7.356 Thread 0x0000029534086ef0 DEOPT UNPACKING pc=0x0000029545a44402 sp=0x0000009aef7fb348 mode 2
Event: 7.356 Thread 0x0000029534086ef0 Uncommon trap: trap_request=0xffffffde fr.pc=0x00000295462f42b8 relative=0x00000000000030f8
Event: 7.356 Thread 0x0000029534086ef0 Uncommon trap: reason=class_check action=maybe_recompile pc=0x00000295462f42b8 method=org.antlr.v4.runtime.atn.SingletonPredictionContext.equals(Ljava/lang/Object;)Z @ 8 c2
Event: 7.356 Thread 0x0000029534086ef0 DEOPT PACKING pc=0x00000295462f42b8 sp=0x0000009aef7fb4d0
Event: 7.356 Thread 0x0000029534086ef0 DEOPT UNPACKING pc=0x0000029545a44402 sp=0x0000009aef7fb348 mode 2
Event: 7.358 Thread 0x0000029534086ef0 DEOPT PACKING pc=0x000002953e66a31b sp=0x0000009aef7fc720
Event: 7.358 Thread 0x0000029534086ef0 DEOPT UNPACKING pc=0x0000029545a44b22 sp=0x0000009aef7fbc08 mode 0
Event: 7.421 Thread 0x0000029534086ef0 DEOPT PACKING pc=0x000002953e650a18 sp=0x0000009aef7fca10
Event: 7.421 Thread 0x0000029534086ef0 DEOPT UNPACKING pc=0x0000029545a44b22 sp=0x0000009aef7fbf08 mode 0
Event: 7.422 Thread 0x0000029534086ef0 DEOPT PACKING pc=0x000002953e717104 sp=0x0000009aef7fca80
Event: 7.422 Thread 0x0000029534086ef0 DEOPT UNPACKING pc=0x0000029545a44b22 sp=0x0000009aef7fbf18 mode 0
Event: 7.446 Thread 0x0000029534086ef0 DEOPT PACKING pc=0x000002953e6797e0 sp=0x0000009aef7fc870
Event: 7.446 Thread 0x0000029534086ef0 DEOPT UNPACKING pc=0x0000029545a44b22 sp=0x0000009aef7fbd90 mode 0
Event: 7.447 Thread 0x0000029534086ef0 DEOPT PACKING pc=0x000002953e6797e0 sp=0x0000009aef7fc6d0
Event: 7.447 Thread 0x0000029534086ef0 DEOPT UNPACKING pc=0x0000029545a44b22 sp=0x0000009aef7fbbf0 mode 0

Classes loaded (20 events):
Event: 6.392 Loading class sun/reflect/ReflectionFactory$1
Event: 6.392 Loading class sun/reflect/ReflectionFactory$1 done
Event: 6.392 Loading class java/io/OptionalDataException
Event: 6.392 Loading class java/io/OptionalDataException done
Event: 6.401 Loading class java/util/WeakHashMap$KeyIterator
Event: 6.401 Loading class java/util/WeakHashMap$KeyIterator done
Event: 6.489 Loading class java/util/regex/Pattern$Neg
Event: 6.489 Loading class java/util/regex/Pattern$Neg done
Event: 6.490 Loading class java/util/regex/Pattern$Bound
Event: 6.491 Loading class java/util/regex/Pattern$Bound done
Event: 6.491 Loading class java/util/regex/Pattern$LookBehindEndNode
Event: 6.491 Loading class java/util/regex/Pattern$LookBehindEndNode done
Event: 6.492 Loading class java/util/regex/Pattern$NotBehind
Event: 6.492 Loading class java/util/regex/Pattern$NotBehind done
Event: 6.492 Loading class java/util/regex/Pattern$Behind
Event: 6.492 Loading class java/util/regex/Pattern$Behind done
Event: 6.505 Loading class java/util/EmptyStackException
Event: 6.505 Loading class java/util/EmptyStackException done
Event: 6.591 Loading class java/io/InvalidClassException
Event: 6.591 Loading class java/io/InvalidClassException done

Classes unloaded (0 events):
No events

Classes redefined (0 events):
No events

Internal exceptions (20 events):
Event: 5.613 Thread 0x0000029534086ef0 Exception <a 'java/lang/NoSuchMethodError'{0x0000000088e35768}: 'int java.lang.invoke.DirectMethodHandle$Holder.invokeStatic(java.lang.Object, java.lang.Object, java.lang.Object, java.lang.Object, java.lang.Object, java.lang.Object)'> (0x0000000088e35768) 
thrown [s\open\src\hotspot\share\interpreter\linkResolver.cpp, line 796]
Event: 5.614 Thread 0x0000029534086ef0 Exception <a 'java/lang/NoSuchMethodError'{0x0000000088e46b10}: 'int java.lang.invoke.DirectMethodHandle$Holder.invokeStatic(java.lang.Object, java.lang.Object, java.lang.Object, java.lang.Object, java.lang.Object)'> (0x0000000088e46b10) 
thrown [s\open\src\hotspot\share\interpreter\linkResolver.cpp, line 796]
Event: 5.629 Thread 0x0000029534086ef0 Exception <a 'java/lang/NoSuchMethodError'{0x0000000088efd2f8}: 'void java.lang.invoke.DirectMethodHandle$Holder.invokeInterface(java.lang.Object, java.lang.Object, int, java.lang.Object)'> (0x0000000088efd2f8) 
thrown [s\open\src\hotspot\share\interpreter\linkResolver.cpp, line 796]
Event: 5.631 Thread 0x0000029534086ef0 Exception <a 'java/lang/NoSuchMethodError'{0x0000000088d2b1c8}: 'java.lang.Object java.lang.invoke.DirectMethodHandle$Holder.newInvokeSpecial(java.lang.Object, java.lang.Object, int, java.lang.Object)'> (0x0000000088d2b1c8) 
thrown [s\open\src\hotspot\share\interpreter\linkResolver.cpp, line 796]
Event: 5.642 Thread 0x0000029534086ef0 Exception <a 'java/lang/NoSuchMethodError'{0x0000000088de55e8}: 'void java.lang.invoke.DirectMethodHandle$Holder.invokeSpecial(java.lang.Object, java.lang.Object, java.lang.Object, java.lang.Object, java.lang.Object, java.lang.Object, java.lang.Object, java.lang.Object)'> (0x0000000088de55e8) 
thrown [s\open\src\hotspot\share\interpreter\linkResolver.cpp, line 796]
Event: 5.660 Thread 0x0000029534086ef0 Exception <a 'java/lang/NoSuchMethodError'{0x0000000088b5b700}: 'int java.lang.invoke.DirectMethodHandle$Holder.invokeStatic(java.lang.Object, java.lang.Object, int, java.lang.Object)'> (0x0000000088b5b700) 
thrown [s\open\src\hotspot\share\interpreter\linkResolver.cpp, line 796]
Event: 5.660 Thread 0x0000029534086ef0 Exception <a 'java/lang/NoSuchMethodError'{0x0000000088b61ef0}: 'int java.lang.invoke.DirectMethodHandle$Holder.invokeStatic(java.lang.Object, int, java.lang.Object)'> (0x0000000088b61ef0) 
thrown [s\open\src\hotspot\share\interpreter\linkResolver.cpp, line 796]
Event: 5.664 Thread 0x0000029534086ef0 Exception <a 'java/lang/NoSuchMethodError'{0x0000000088bac5d0}: 'java.lang.Object java.lang.invoke.Invokers$Holder.linkToTargetMethod(java.lang.Object, java.lang.Object, java.lang.Object, java.lang.Object, java.lang.Object, java.lang.Object, java.lang.Object, java.lang.Object, java.lang.Object, java.lang.Object, java.lang.Object, java.lang.Object)'> (0x0000000088bac5d0) 
thrown [s\open\src\hotspot\share\interpreter\linkResolver.cpp, line 796]
Event: 5.673 Thread 0x0000029534086ef0 Exception <a 'java/lang/IncompatibleClassChangeError'{0x0000000088a3cc38}: Found class java.lang.Object, but interface was expected> (0x0000000088a3cc38) 
thrown [s\open\src\hotspot\share\interpreter\linkResolver.cpp, line 863]
Event: 5.695 Thread 0x0000029534086ef0 Exception <a 'java/lang/IncompatibleClassChangeError'{0x000000008896b430}: Found class java.lang.Object, but interface was expected> (0x000000008896b430) 
thrown [s\open\src\hotspot\share\interpreter\linkResolver.cpp, line 863]
Event: 5.704 Thread 0x0000029534086ef0 Exception <a 'java/lang/NoSuchMethodError'{0x0000000088801130}: 'java.lang.Object java.lang.invoke.DirectMethodHandle$Holder.newInvokeSpecial(java.lang.Object, java.lang.Object, int, java.lang.Object, int, java.lang.Object, java.lang.Object)'> (0x0000000088801130) 
thrown [s\open\src\hotspot\share\interpreter\linkResolver.cpp, line 796]
Event: 6.077 Thread 0x0000029534086ef0 Implicit null exception at 0x0000029546327e3d to 0x0000029546329bd0
Event: 6.086 Thread 0x0000029534086ef0 Exception <a 'java/lang/IncompatibleClassChangeError'{0x0000000087dc1618}: Found class java.lang.Object, but interface was expected> (0x0000000087dc1618) 
thrown [s\open\src\hotspot\share\interpreter\linkResolver.cpp, line 863]
Event: 6.107 Thread 0x0000029534086ef0 Implicit null exception at 0x000002954637c7f3 to 0x000002954637ca5c
Event: 6.120 Thread 0x0000029534086ef0 Exception <a 'java/lang/IncompatibleClassChangeError'{0x0000000087bc0350}: Found class java.lang.Object, but interface was expected> (0x0000000087bc0350) 
thrown [s\open\src\hotspot\share\interpreter\linkResolver.cpp, line 863]
Event: 6.279 Thread 0x0000029534086ef0 Exception <a 'java/lang/IncompatibleClassChangeError'{0x000000008a1d9cb8}: Found class java.lang.Object, but interface was expected> (0x000000008a1d9cb8) 
thrown [s\open\src\hotspot\share\interpreter\linkResolver.cpp, line 863]
Event: 6.324 Thread 0x0000029534086ef0 Exception <a 'java/lang/NoSuchMethodError'{0x00000000893e7e10}: 'long java.lang.invoke.DirectMethodHandle$Holder.invokeVirtual(java.lang.Object, java.lang.Object)'> (0x00000000893e7e10) 
thrown [s\open\src\hotspot\share\interpreter\linkResolver.cpp, line 796]
Event: 6.344 Thread 0x0000029534086ef0 Exception <a 'java/lang/NoSuchMethodError'{0x00000000891273b8}: 'void java.lang.invoke.DirectMethodHandle$Holder.invokeVirtual(java.lang.Object, java.lang.Object, long)'> (0x00000000891273b8) 
thrown [s\open\src\hotspot\share\interpreter\linkResolver.cpp, line 796]
Event: 6.382 Thread 0x0000029534086ef0 Exception <a 'java/lang/NoSuchMethodError'{0x0000000088dc3a58}: 'int java.lang.invoke.DirectMethodHandle$Holder.invokeStaticInit(java.lang.Object, int, java.lang.Object, java.lang.Object, java.lang.Object, java.lang.Object)'> (0x0000000088dc3a58) 
thrown [s\open\src\hotspot\share\interpreter\linkResolver.cpp, line 796]
Event: 6.493 Thread 0x0000029534086ef0 Exception <a 'java/lang/IncompatibleClassChangeError'{0x0000000087e0fe40}: Found class java.lang.Object, but interface was expected> (0x0000000087e0fe40) 
thrown [s\open\src\hotspot\share\interpreter\linkResolver.cpp, line 863]

VM Operations (20 events):
Event: 7.112 Executing VM operation: G1CollectForAllocation (G1 Evacuation Pause) done
Event: 7.129 Executing VM operation: G1PauseRemark
Event: 7.132 Executing VM operation: G1PauseRemark done
Event: 7.139 Executing VM operation: G1PauseCleanup
Event: 7.139 Executing VM operation: G1PauseCleanup done
Event: 7.183 Executing VM operation: HandshakeAllThreads (Deoptimize)
Event: 7.183 Executing VM operation: HandshakeAllThreads (Deoptimize) done
Event: 7.261 Executing VM operation: G1CollectForAllocation (G1 Evacuation Pause)
Event: 7.264 Executing VM operation: G1CollectForAllocation (G1 Evacuation Pause) done
Event: 7.306 Executing VM operation: G1CollectForAllocation (G1 Evacuation Pause)
Event: 7.310 Executing VM operation: G1CollectForAllocation (G1 Evacuation Pause) done
Event: 7.381 Executing VM operation: G1CollectForAllocation (G1 Evacuation Pause)
Event: 7.386 Executing VM operation: G1CollectForAllocation (G1 Evacuation Pause) done
Event: 7.416 Executing VM operation: G1CollectForAllocation (G1 Evacuation Pause)
Event: 7.421 Executing VM operation: G1CollectForAllocation (G1 Evacuation Pause) done
Event: 7.430 Executing VM operation: G1TryInitiateConcMark (G1 Humongous Allocation)
Event: 7.434 Executing VM operation: G1TryInitiateConcMark (G1 Humongous Allocation) done
Event: 7.455 Executing VM operation: G1PauseRemark
Event: 7.458 Executing VM operation: G1PauseRemark done
Event: 7.463 Executing VM operation: G1CollectForAllocation (G1 Evacuation Pause)

Memory protections (0 events):
No events

Nmethod flushes (20 events):
Event: 7.457 Thread 0x0000029553c4c9c0 flushing  nmethod 0x000002953e7cbb08
Event: 7.457 Thread 0x0000029553c4c9c0 flushing  nmethod 0x000002953f1df888
Event: 7.457 Thread 0x0000029553c4c9c0 flushing  nmethod 0x000002953f1e0388
Event: 7.457 Thread 0x0000029553c4c9c0 flushing  nmethod 0x000002953f1e4388
Event: 7.457 Thread 0x0000029553c4c9c0 flushing  nmethod 0x000002953f167908
Event: 7.457 Thread 0x0000029553c4c9c0 flushing  nmethod 0x000002953f168008
Event: 7.457 Thread 0x0000029553c4c9c0 flushing  nmethod 0x000002953f1ef988
Event: 7.457 Thread 0x0000029553c4c9c0 flushing  nmethod 0x000002953f1f0388
Event: 7.457 Thread 0x0000029553c4c9c0 flushing  nmethod 0x0000029546486908
Event: 7.457 Thread 0x0000029553c4c9c0 flushing  nmethod 0x000002953e753708
Event: 7.457 Thread 0x0000029553c4c9c0 flushing  nmethod 0x000002953f1f5988
Event: 7.457 Thread 0x0000029553c4c9c0 flushing  nmethod 0x000002953f1f6008
Event: 7.457 Thread 0x0000029553c4c9c0 flushing  nmethod 0x000002953f1f6688
Event: 7.457 Thread 0x0000029553c4c9c0 flushing  nmethod 0x00000295462eb788
Event: 7.457 Thread 0x0000029553c4c9c0 flushing  nmethod 0x000002954647ba88
Event: 7.457 Thread 0x0000029553c4c9c0 flushing  nmethod 0x000002954647c208
Event: 7.457 Thread 0x0000029553c4c9c0 flushing  nmethod 0x000002953e7c9908
Event: 7.457 Thread 0x0000029553c4c9c0 flushing  nmethod 0x00000295461db888
Event: 7.457 Thread 0x0000029553c4c9c0 flushing  nmethod 0x0000029546347a08
Event: 7.457 Thread 0x0000029553c4c9c0 flushing  nmethod 0x000002953f1c2f88

Events (20 events):
Event: 0.033 Thread 0x0000029534086ef0 Thread added: 0x0000029553c703b0
Event: 0.033 Thread 0x0000029534086ef0 Thread added: 0x0000029553c71270
Event: 0.033 Thread 0x0000029534086ef0 Thread added: 0x0000029553c77270
Event: 0.089 Thread 0x0000029534086ef0 Thread added: 0x0000029599103a60
Event: 0.093 Thread 0x0000029553c77270 Thread added: 0x0000029599133c90
Event: 0.331 Thread 0x0000029534086ef0 Thread added: 0x0000029599665bb0
Event: 0.331 Thread 0x0000029534086ef0 Thread added: 0x00000295997c6400
Event: 1.014 Thread 0x0000029534086ef0 Thread added: 0x000002959a1600b0
Event: 1.739 Thread 0x0000029534086ef0 Thread added: 0x000002959b7f0f00
Event: 1.777 Thread 0x000002959b7f0f00 Thread exited: 0x000002959b7f0f00
Event: 1.855 Thread 0x000002959a1600b0 Thread exited: 0x000002959a1600b0
Event: 2.605 Thread 0x0000029553c77270 Thread added: 0x0000029599131a80
Event: 2.680 Thread 0x0000029599133c90 Thread added: 0x0000029599132150
Event: 4.343 Thread 0x0000029599131a80 Thread exited: 0x0000029599131a80
Event: 4.415 Thread 0x0000029534086ef0 Thread added: 0x000002959d4adb50
Event: 4.429 Thread 0x0000029534086ef0 Thread added: 0x000002959d4ae1e0
Event: 4.533 Thread 0x000002959d4ae1e0 Thread added: 0x000002959d4ae870
Event: 6.332 Thread 0x0000029534086ef0 Thread added: 0x000002959d4ad4c0
Event: 6.333 Thread 0x0000029534086ef0 Thread added: 0x000002959d4b3730
Event: 6.336 Thread 0x0000029534086ef0 Thread added: 0x000002959d4b3dc0


Dynamic libraries:
0x00007ff7464f0000 - 0x00007ff746500000 	C:\Program Files\Java\jdk-23\bin\java.exe
0x00007ffcefaa0000 - 0x00007ffcefd07000 	C:\WINDOWS\SYSTEM32\ntdll.dll
0x00007ffcee780000 - 0x00007ffcee849000 	C:\WINDOWS\System32\KERNEL32.DLL
0x00007ffcec4d0000 - 0x00007ffcec8c1000 	C:\WINDOWS\System32\KERNELBASE.dll
0x00007ffcec380000 - 0x00007ffcec4cb000 	C:\WINDOWS\System32\ucrtbase.dll
0x00007ffce3b50000 - 0x00007ffce3b67000 	C:\Program Files\Java\jdk-23\bin\jli.dll
0x00007ffce3de0000 - 0x00007ffce3dfb000 	C:\Program Files\Java\jdk-23\bin\VCRUNTIME140.dll
0x00007ffced850000 - 0x00007ffceda15000 	C:\WINDOWS\System32\USER32.dll
0x00007ffced420000 - 0x00007ffced447000 	C:\WINDOWS\System32\win32u.dll
0x00007ffcca380000 - 0x00007ffcca613000 	C:\WINDOWS\WinSxS\amd64_microsoft.windows.common-controls_6595b64144ccf1df_6.0.26100.8037_none_3e092faae333b53b\COMCTL32.dll
0x00007ffcee340000 - 0x00007ffcee36b000 	C:\WINDOWS\System32\GDI32.dll
0x00007ffced710000 - 0x00007ffced83b000 	C:\WINDOWS\System32\gdi32full.dll
0x00007ffcee3f0000 - 0x00007ffcee499000 	C:\WINDOWS\System32\msvcrt.dll
0x00007ffced450000 - 0x00007ffced4f3000 	C:\WINDOWS\System32\msvcp_win.dll
0x00007ffcee850000 - 0x00007ffcee881000 	C:\WINDOWS\System32\IMM32.DLL
0x00007ffce3b40000 - 0x00007ffce3b4c000 	C:\Program Files\Java\jdk-23\bin\vcruntime140_1.dll
0x00007ffcb8860000 - 0x00007ffcb88ee000 	C:\Program Files\Java\jdk-23\bin\msvcp140.dll
0x00007ffcbc2b0000 - 0x00007ffcbcfff000 	C:\Program Files\Java\jdk-23\bin\server\jvm.dll
0x00007ffcef570000 - 0x00007ffcef62b000 	C:\WINDOWS\System32\ADVAPI32.dll
0x00007ffcee4a0000 - 0x00007ffcee547000 	C:\WINDOWS\System32\sechost.dll
0x00007ffcedd00000 - 0x00007ffcede18000 	C:\WINDOWS\System32\RPCRT4.dll
0x00007ffcef9e0000 - 0x00007ffcefa54000 	C:\WINDOWS\System32\WS2_32.dll
0x00007ffce2bd0000 - 0x00007ffce2c05000 	C:\WINDOWS\SYSTEM32\WINMM.dll
0x00007ffceaf80000 - 0x00007ffceafde000 	C:\WINDOWS\SYSTEM32\POWRPROF.dll
0x00007ffce2c60000 - 0x00007ffce2c6b000 	C:\WINDOWS\SYSTEM32\VERSION.dll
0x00007ffceaf60000 - 0x00007ffceaf74000 	C:\WINDOWS\SYSTEM32\UMPDC.dll
0x00007ffceb230000 - 0x00007ffceb24b000 	C:\WINDOWS\SYSTEM32\kernel.appcore.dll
0x00007ffcbbf70000 - 0x00007ffcbbf7a000 	C:\Program Files\Java\jdk-23\bin\jimage.dll
0x00007ffcea2e0000 - 0x00007ffcea522000 	C:\WINDOWS\SYSTEM32\DBGHELP.DLL
0x00007ffcef630000 - 0x00007ffcef9b2000 	C:\WINDOWS\System32\combase.dll
0x00007ffcee130000 - 0x00007ffcee207000 	C:\WINDOWS\System32\OLEAUT32.dll
0x00007ffcc7610000 - 0x00007ffcc764b000 	C:\WINDOWS\SYSTEM32\dbgcore.DLL
0x00007ffcec8d0000 - 0x00007ffcec975000 	C:\WINDOWS\System32\bcryptPrimitives.dll
0x00007ffcb9ad0000 - 0x00007ffcb9adf000 	C:\Program Files\Java\jdk-23\bin\instrument.dll
0x00007ffcba3d0000 - 0x00007ffcba3ee000 	C:\Program Files\Java\jdk-23\bin\java.dll
0x00007ffcee5d0000 - 0x00007ffcee765000 	C:\WINDOWS\System32\ole32.dll
0x00007ffcee8f0000 - 0x00007ffcef04f000 	C:\WINDOWS\System32\SHELL32.dll
0x00007ffceca40000 - 0x00007ffcecbaa000 	C:\WINDOWS\System32\wintypes.dll
0x00007ffcecbb0000 - 0x00007ffced414000 	C:\WINDOWS\System32\windows.storage.dll
0x00007ffcee210000 - 0x00007ffcee307000 	C:\WINDOWS\System32\SHCORE.dll
0x00007ffcef060000 - 0x00007ffcef0c7000 	C:\WINDOWS\System32\shlwapi.dll
0x00007ffcec2a0000 - 0x00007ffcec2c9000 	C:\WINDOWS\SYSTEM32\profapi.dll
0x00007ffcb7b50000 - 0x00007ffcb7c27000 	C:\Program Files\Java\jdk-23\bin\jsvml.dll
0x00007ffcc1ec0000 - 0x00007ffcc1ed7000 	C:\Program Files\Java\jdk-23\bin\zip.dll
0x00007ffcc1f30000 - 0x00007ffcc1f40000 	C:\Program Files\Java\jdk-23\bin\net.dll
0x00007ffceb7a0000 - 0x00007ffceb80b000 	C:\WINDOWS\system32\mswsock.dll
0x00007ffcc1f10000 - 0x00007ffcc1f26000 	C:\Program Files\Java\jdk-23\bin\nio.dll
0x00007ffcb75b0000 - 0x00007ffcb75b9000 	C:\Program Files\Java\jdk-23\bin\extnet.dll
0x00007ffcb19d0000 - 0x00007ffcb19de000 	C:\Program Files\Java\jdk-23\bin\sunmscapi.dll
0x00007ffced590000 - 0x00007ffced707000 	C:\WINDOWS\System32\CRYPT32.dll
0x00007ffcebca0000 - 0x00007ffcebcd0000 	C:\WINDOWS\SYSTEM32\ncrypt.dll
0x00007ffcebc50000 - 0x00007ffcebc8f000 	C:\WINDOWS\SYSTEM32\NTASN1.dll
0x00007ffceba80000 - 0x00007ffceba9b000 	C:\WINDOWS\SYSTEM32\CRYPTSP.dll
0x00007ffceb190000 - 0x00007ffceb1c9000 	C:\WINDOWS\system32\rsaenh.dll
0x00007ffceb850000 - 0x00007ffceb882000 	C:\WINDOWS\SYSTEM32\USERENV.dll
0x00007ffcec270000 - 0x00007ffcec29a000 	C:\WINDOWS\SYSTEM32\bcrypt.dll
0x00007ffcebaa0000 - 0x00007ffcebaac000 	C:\WINDOWS\SYSTEM32\CRYPTBASE.dll
0x00007ffceabe0000 - 0x00007ffceac13000 	C:\WINDOWS\SYSTEM32\IPHLPAPI.DLL
0x00007ffcee120000 - 0x00007ffcee12a000 	C:\WINDOWS\System32\NSI.dll
0x00007ffcb9390000 - 0x00007ffcb939a000 	C:\Program Files\Java\jdk-23\bin\management.dll
0x00007ffcb7c30000 - 0x00007ffcb7c3b000 	C:\Program Files\Java\jdk-23\bin\management_ext.dll
0x00007ffced840000 - 0x00007ffced848000 	C:\WINDOWS\System32\PSAPI.DLL
0x00007ffceac80000 - 0x00007ffceadaa000 	C:\WINDOWS\SYSTEM32\DNSAPI.dll
0x00007ffce2c10000 - 0x00007ffce2c1b000 	C:\Windows\System32\rasadhlp.dll
0x00007ffce3f60000 - 0x00007ffce3fe6000 	C:\WINDOWS\System32\fwpuclnt.dll

dbghelp: loaded successfully - version: 4.0.5 - missing functions: none
symbol engine: initialized successfully - sym options: 0x614 - pdb path: .;C:\Program Files\Java\jdk-23\bin;C:\WINDOWS\SYSTEM32;C:\WINDOWS\WinSxS\amd64_microsoft.windows.common-controls_6595b64144ccf1df_6.0.26100.8037_none_3e092faae333b53b;C:\Program Files\Java\jdk-23\bin\server

VM Arguments:
jvm_args: -javaagent:E:\FullStack\IntelliJ IDEA Community Edition 2024.3.4.1\lib\idea_rt.jar=62482 -Dfile.encoding=UTF-8 -Dsun.stdout.encoding=UTF-8 -Dsun.stderr.encoding=UTF-8 
java_command: com.example.invoice.Application
java_class_path (initial): E:\invoice\target\classes;C:\Users\Dell\.m2\repository\org\springframework\boot\spring-boot-starter-web\4.0.3\spring-boot-starter-web-4.0.3.jar;C:\Users\Dell\.m2\repository\org\springframework\boot\spring-boot-starter-jackson\4.0.3\spring-boot-starter-jackson-4.0.3.jar;C:\Users\Dell\.m2\repository\org\springframework\boot\spring-boot-jackson\4.0.3\spring-boot-jackson-4.0.3.jar;C:\Users\Dell\.m2\repository\tools\jackson\core\jackson-databind\3.0.4\jackson-databind-3.0.4.jar;C:\Users\Dell\.m2\repository\tools\jackson\core\jackson-core\3.0.4\jackson-core-3.0.4.jar;C:\Users\Dell\.m2\repository\org\springframework\boot\spring-boot-starter-tomcat\4.0.3\spring-boot-starter-tomcat-4.0.3.jar;C:\Users\Dell\.m2\repository\org\springframework\boot\spring-boot-starter-tomcat-runtime\4.0.3\spring-boot-starter-tomcat-runtime-4.0.3.jar;C:\Users\Dell\.m2\repository\org\springframework\boot\spring-boot-web-server\4.0.3\spring-boot-web-server-4.0.3.jar;C:\Users\Dell\.m2\repository\org\apache\tomcat\embed\tomcat-embed-core\11.0.18\tomcat-embed-core-11.0.18.jar;C:\Users\Dell\.m2\repository\org\apache\tomcat\embed\tomcat-embed-websocket\11.0.18\tomcat-embed-websocket-11.0.18.jar;C:\Users\Dell\.m2\repository\org\springframework\boot\spring-boot-tomcat\4.0.3\spring-boot-tomcat-4.0.3.jar;C:\Users\Dell\.m2\repository\org\springframework\boot\spring-boot-http-converter\4.0.3\spring-boot-http-converter-4.0.3.jar;C:\Users\Dell\.m2\repository\org\springframework\boot\spring-boot\4.0.3\spring-boot-4.0.3.jar;C:\Users\Dell\.m2\repository\org\springframework\spring-context\7.0.5\spring-context-7.0.5.jar;C:\Users\Dell\.m2\repository\org\springframework\spring-web\7.0.5\spring-web-7.0.5.jar;C:\Users\Dell\.m2\repository\io\micrometer\micrometer-observation\1.16.3\micrometer-observation-1.16.3.jar;C:\Users\Dell\.m2\repository\io\micrometer\micrometer-commons\1.16.3\micrometer-commons-1.16.3.jar;C:\Users\Dell\.m2\repository\org\springframework\boot\spring-boot-webmvc\4.0.3\spring-boot-webmvc-4.0.3.jar;C:\Users\Dell\.m2\repository\org\springframework\boot\spring-boot-servlet\4.0.3\spring-boot-servlet-4.0.3.jar;C:\Users\Dell\.m2\repository\org\springframework\spring-webmvc\7.0.5\spring-webmvc-7.0.5.jar;C:\Users\Dell\.m2\repository\org\springframework\spring-expression\7.0.5\spring-expression-7.0.5.jar;C:\Users\Dell\.m2\repository\org\springframework\boot\spring-boot-starter-data-jpa\4.0.3\spring-boot-starter-data-jpa-4.0.3.jar;C:\Users\Dell\.m2\repository\org\springframework\boot\spring-boot-starter\4.0.3\spring-boot-starter-4.0.3.jar;C:\Users\Dell\.m2\repository\org\springframework\boot\spring-boot-starter-logging\4.0.3\spring-boot-starter-logging-4.0.3.jar;C:\Users\Dell\.m2\repository\ch\qos\logback\logback-classic\1.5.32\logback-classic-1.5.32.jar;C:\Users\Dell\.m2\repository\ch\qos\logback\logback-core\1.5.32\logback-core-1.5.32.jar;C:\Users\Dell\.m2\repository\org\apache\logging\log4j\log4j-to-slf4j\2.25.3\log4j-to-slf4j-2.25.3.jar;C:\Users\Dell\.m2\repository\org\slf4j\jul-to-slf4j\2.0.17\jul-to-slf4j-2.0.17.jar;C:\Users\Dell\.m2\repository\org\springframework\boot\spring-boot-autoconfigure\4.0.3\spring-boot-autoconfigure-4.0.3.jar;C:\Users\Dell\.m2\repository\jakarta\annotation\jakarta.annotation-api\3.0.0\jakarta.annotation-api-3.0.0.jar;C:\Users\Dell\.m2\repository\org\yaml\snakeyaml\2.5\snakeyaml-2.5.jar;C:\Users\Dell\.m2\repository\org\springframework\boot\spring-boot-starter-jdbc\4.0.3\spring-boot-starter-jdbc-4.0.3.jar;C:\Users\Dell\.m2\repository\com\zaxxer\HikariCP\7.0.2\HikariCP-7.0.2.jar;C:\Users\Dell\.m2\repository\org\springframework\boot\spring-boot-data-jpa\4.0.3\spring-boot-data-jpa-4.0.3.jar;C:\Users\Dell\.m2\repository\org\springframework\boot\spring-boot-data-commons\4.0.3\spring-boot-data-commons-4.0.3.jar;C:\Users\Dell\.m2\repository\org\springframework\boot\spring-boot-persistence\4.0.3\spring-boot-persistence-4.0.3.jar;C:\Users\Dell\.m2\repository\org\springframework\data\spring-data-commons\4.0.3\spring-data-commons-4.0.3.jar;C:\Users\Dell\.m2\repository\org\springframework\boot\spring-boot-hibernate\4.0.3\spring-boot-hibernate-4.0.3.jar;C:\Users\Dell\.m2\repository\org\springframework\boot\spring-boot-jpa\4.0.3\spring-boot-jpa-4.0.3.jar;C:\Users\Dell\.m2\repository\jakarta\persistence\jakarta.persistence-api\3.2.0\jakarta.persistence-api-3.2.0.jar;C:\Users\Dell\.m2\repository\org\hibernate\orm\hibernate-core\7.2.4.Final\hibernate-core-7.2.4.Final.jar;C:\Users\Dell\.m2\repository\jakarta\transaction\jakarta.transaction-api\2.0.1\jakarta.transaction-api-2.0.1.jar;C:\Users\Dell\.m2\repository\org\hibernate\models\hibernate-models\1.0.1\hibernate-models-1.0.1.jar;C:\Users\Dell\.m2\repository\org\glassfish\jaxb\jaxb-runtime\4.0.6\jaxb-runtime-4.0.6.jar;C:\Users\Dell\.m2\repository\org\glassfish\jaxb\jaxb-core\4.0.6\jaxb-core-4.0.6.jar;C:\Users\Dell\.m2\repository\org\eclipse\angus\angus-activation\2.0.3\angus-activation-2.0.3.jar;C:\Users\Dell\.m2\repository\org\glassfish\jaxb\txw2\4.0.6\txw2-4.0.6.jar;C:\Users\Dell\.m2\repository\com\sun\istack\istack-commons-runtime\4.1.2\istack-commons-runtime-4.1.2.jar;C:\Users\Dell\.m2\repository\jakarta\inject\jakarta.inject-api\2.0.1\jakarta.inject-api-2.0.1.jar;C:\Users\Dell\.m2\repository\org\springframework\spring-orm\7.0.5\spring-orm-7.0.5.jar;C:\Users\Dell\.m2\repository\org\springframework\data\spring-data-jpa\4.0.3\spring-data-jpa-4.0.3.jar;C:\Users\Dell\.m2\repository\org\springframework\spring-tx\7.0.5\spring-tx-7.0.5.jar;C:\Users\Dell\.m2\repository\org\antlr\antlr4-runtime\4.13.2\antlr4-runtime-4.13.2.jar;C:\Users\Dell\.m2\repository\org\springframework\spring-aspects\7.0.5\spring-aspects-7.0.5.jar;C:\Users\Dell\.m2\repository\org\aspectj\aspectjweaver\1.9.25.1\aspectjweaver-1.9.25.1.jar;C:\Users\Dell\.m2\repository\org\springframework\boot\spring-boot-jdbc\4.0.3\spring-boot-jdbc-4.0.3.jar;C:\Users\Dell\.m2\repository\org\springframework\boot\spring-boot-sql\4.0.3\spring-boot-sql-4.0.3.jar;C:\Users\Dell\.m2\repository\org\springframework\boot\spring-boot-transaction\4.0.3\spring-boot-transaction-4.0.3.jar;C:\Users\Dell\.m2\repository\org\springframework\spring-jdbc\7.0.5\spring-jdbc-7.0.5.jar;C:\Users\Dell\.m2\repository\org\springframework\boot\spring-boot-starter-validation\4.0.3\spring-boot-starter-validation-4.0.3.jar;C:\Users\Dell\.m2\repository\org\springframework\boot\spring-boot-validation\4.0.3\spring-boot-validation-4.0.3.jar;C:\Users\Dell\.m2\repository\org\apache\tomcat\embed\tomcat-embed-el\11.0.18\tomcat-embed-el-11.0.18.jar;C:\Users\Dell\.m2\repository\org\hibernate\validator\hibernate-validator\9.0.1.Final\hibernate-validator-9.0.1.Final.jar;C:\Users\Dell\.m2\repository\jakarta\validation\jakarta.validation-api\3.1.1\jakarta.validation-api-3.1.1.jar;C:\Users\Dell\.m2\repository\org\jboss\logging\jboss-logging\3.6.2.Final\jboss-logging-3.6.2.Final.jar;C:\Users\Dell\.m2\repository\com\fasterxml\classmate\1.7.3\classmate-1.7.3.jar;C:\Users\Dell\.m2\repository\org\postgresql\postgresql\42.7.10\postgresql-42.7.10.jar;C:\Users\Dell\.m2\repository\org\checkerframework\checker-qual\3.52.0\checker-qual-3.52.0.jar;C:\Users\Dell\.m2\repository\org\projectlombok\lombok\1.18.42\lombok-1.18.42.jar;C:\Users\Dell\.m2\repository\org\mapstruct\mapstruct\1.6.3\mapstruct-1.6.3.jar;C:\Users\Dell\.m2\repository\org\mapstruct\mapstruct-processor\1.6.3\mapstruct-processor-1.6.3.jar;C:\Users\Dell\.m2\repository\org\springdoc\springdoc-openapi-starter-webmvc-ui\2.3.0\springdoc-openapi-starter-webmvc-ui-2.3.0.jar;C:\Users\Dell\.m2\repository\org\springdoc\springdoc-openapi-starter-webmvc-api\2.3.0\springdoc-openapi-starter-webmvc-api-2.3.0.jar;C:\Users\Dell\.m2\repository\org\springdoc\springdoc-openapi-starter-common\2.3.0\springdoc-openapi-starter-common-2.3.0.jar;C:\Users\Dell\.m2\repository\io\swagger\core\v3\swagger-core-jakarta\2.2.19\swagger-core-jakarta-2.2.19.jar;C:\Users\Dell\.m2\repository\org\apache\commons\commons-lang3\3.19.0\commons-lang3-3.19.0.jar;C:\Users\Dell\.m2\repository\io\swagger\core\v3\swagger-annotations-jakarta\2.2.19\swagger-annotations-jakarta-2.2.19.jar;C:\Users\Dell\.m2\repository\io\swagger\core\v3\swagger-models-jakarta\2.2.19\swagger-models-jakarta-2.2.19.jar;C:\Users\Dell\.m2\repository\com\fasterxml\jackson\dataformat\jackson-dataformat-yaml\2.20.2\jackson-dataformat-yaml-2.20.2.jar;C:\Users\Dell\.m2\repository\com\fasterxml\jackson\datatype\jackson-datatype-jsr310\2.20.2\jackson-datatype-jsr310-2.20.2.jar;C:\Users\Dell\.m2\repository\org\webjars\swagger-ui\5.10.3\swagger-ui-5.10.3.jar;C:\Users\Dell\.m2\repository\com\itextpdf\itextpdf\5.5.13.3\itextpdf-5.5.13.3.jar;C:\Users\Dell\.m2\repository\org\apache\poi\poi-ooxml\5.2.4\poi-ooxml-5.2.4.jar;C:\Users\Dell\.m2\repository\org\apache\poi\poi\5.2.4\poi-5.2.4.jar;C:\Users\Dell\.m2\repository\commons-codec\commons-codec\1.19.0\commons-codec-1.19.0.jar;C:\Users\Dell\.m2\repository\org\apache\commons\commons-math3\3.6.1\commons-math3-3.6.1.jar;C:\Users\Dell\.m2\repository\com\zaxxer\SparseBitSet\1.3\SparseBitSet-1.3.jar;C:\Users\Dell\.m2\repository\org\apache\poi\poi-ooxml-lite\5.2.4\poi-ooxml-lite-5.2.4.jar;C:\Users\Dell\.m2\repository\org\apache\xmlbeans\xmlbeans\5.1.1\xmlbeans-5.1.1.jar;C:\Users\Dell\.m2\repository\org\apache\commons\commons-compress\1.24.0\commons-compress-1.24.0.jar;C:\Users\Dell\.m2\repository\commons-io\commons-io\2.13.0\commons-io-2.13.0.jar;C:\Users\Dell\.m2\repository\com\github\virtuald\curvesapi\1.08\curvesapi-1.08.jar;C:\Users\Dell\.m2\repository\org\apache\logging\log4j\log4j-api\2.25.3\log4j-api-2.25.3.jar;C:\Users\Dell\.m2\repository\org\apache\commons\commons-collections4\4.4\commons-collections4-4.4.jar;C:\Users\Dell\.m2\repository\org\slf4j\slf4j-api\2.0.17\slf4j-api-2.0.17.jar;C:\Users\Dell\.m2\repository\jakarta\xml\bind\jakarta.xml.bind-api\4.0.4\jakarta.xml.bind-api-4.0.4.jar;C:\Users\Dell\.m2\repository\jakarta\activation\jakarta.activation-api\2.1.4\jakarta.activation-api-2.1.4.jar;C:\Users\Dell\.m2\repository\net\bytebuddy\byte-buddy\1.17.8\byte-buddy-1.17.8.jar;C:\Users\Dell\.m2\repository\org\springframework\spring-core\7.0.5\spring-core-7.0.5.jar;C:\Users\Dell\.m2\repository\commons-logging\commons-logging\1.3.5\commons-logging-1.3.5.jar;C:\Users\Dell\.m2\repository\org\jspecify\jspecify\1.0.0\jspecify-1.0.0.jar;C:\Users\Dell\.m2\repository\org\springframework\boot\spring-boot-starter-security\4.0.3\spring-boot-starter-security-4.0.3.jar;C:\Users\Dell\.m2\repository\org\springframework\boot\spring-boot-security\4.0.3\spring-boot-security-4.0.3.jar;C:\Users\Dell\.m2\repository\org\springframework\security\spring-security-config\7.0.3\spring-security-config-7.0.3.jar;C:\Users\Dell\.m2\repository\org\springframework\security\spring-security-core\7.0.3\spring-security-core-7.0.3.jar;C:\Users\Dell\.m2\repository\org\springframework\security\spring-security-crypto\7.0.3\spring-security-crypto-7.0.3.jar;C:\Users\Dell\.m2\repository\org\springframework\security\spring-security-web\7.0.3\spring-security-web-7.0.3.jar;C:\Users\Dell\.m2\repository\org\springframework\spring-aop\7.0.5\spring-aop-7.0.5.jar;C:\Users\Dell\.m2\repository\org\springframework\spring-beans\7.0.5\spring-beans-7.0.5.jar;C:\Users\Dell\.m2\repository\io\jsonwebtoken\jjwt-api\0.12.3\jjwt-api-0.12.3.jar;C:\Users\Dell\.m2\repository\io\jsonwebtoken\jjwt-impl\0.12.3\jjwt-impl-0.12.3.jar;C:\Users\Dell\.m2\repository\io\jsonwebtoken\jjwt-jackson\0.12.3\jjwt-jackson-0.12.3.jar;C:\Users\Dell\.m2\repository\com\fasterxml\jackson\core\jackson-databind\2.20.2\jackson-databind-2.20.2.jar;C:\Users\Dell\.m2\repository\com\fasterxml\jackson\core\jackson-annotations\2.20\jackson-annotations-2.20.jar;C:\Users\Dell\.m2\repository\com\fasterxml\jackson\core\jackson-core\2.20.2\jackson-core-2.20.2.jar
Launcher Type: SUN_STANDARD

[Global flags]
     intx CICompilerCount                          = 12                                        {product} {ergonomic}
     uint ConcGCThreads                            = 3                                         {product} {ergonomic}
     uint G1ConcRefinementThreads                  = 13                                        {product} {ergonomic}
   size_t G1HeapRegionSize                         = 1048576                                   {product} {ergonomic}
   size_t InitialHeapSize                          = 130023424                                 {product} {ergonomic}
   size_t MarkStackSize                            = 4194304                                   {product} {ergonomic}
   size_t MarkStackSizeMax                         = 536870912                                 {product} {ergonomic}
   size_t MaxHeapSize                              = 2065694720                                {product} {ergonomic}
   size_t MaxNewSize                               = 1239416832                                {product} {ergonomic}
   size_t MinHeapDeltaBytes                        = 1048576                                   {product} {ergonomic}
   size_t MinHeapSize                              = 8388608                                   {product} {ergonomic}
    uintx NonNMethodCodeHeapSize                   = 7602176                                {pd product} {ergonomic}
    uintx NonProfiledCodeHeapSize                  = 122093568                              {pd product} {ergonomic}
    uintx ProfiledCodeHeapSize                     = 121962496                              {pd product} {ergonomic}
    uintx ReservedCodeCacheSize                    = 251658240                              {pd product} {ergonomic}
     bool SegmentedCodeCache                       = true                                      {product} {ergonomic}
   size_t SoftMaxHeapSize                          = 2065694720                             {manageable} {ergonomic}
     bool UseCompressedOops                        = true                           {product lp64_product} {ergonomic}
     bool UseG1GC                                  = true                                      {product} {ergonomic}
     bool UseLargePagesIndividualAllocation        = false                                  {pd product} {ergonomic}

Logging:
Log output configuration:
 #0: stdout all=warning uptime,level,tags foldmultilines=false
 #1: stderr all=off uptime,level,tags foldmultilines=false

Environment Variables:
JAVA_HOME=C:\Program Files\Eclipse Adoptium\jdk-8.0.382.5-hotspot\
PATH=C:\Program Files\Java\jdk-23\bin;C:\oraclexe\app\oracle\product\10.2.0\server\bin;C:\Program Files\Common Files\Oracle\Java\javapath;C:\Program Files (x86)\Common Files\Oracle\Java\java8path;C:\Program Files (x86)\Common Files\Oracle\Java\javapath;C:\Program Files\Eclipse Adoptium\jdk-8.0.382.5-hotspot\bin;C:\Program Files\Eclipse Adoptium\jre-8.0.382.5-hotspot\bin;C:\Windows\system32;C:\Windows;C:\Windows\System32\Wbem;C:\Windows\System32\WindowsPowerShell\v1.0\;C:\Windows\System32\OpenSSH\;C:\Program Files\dotnet\;C:\Program Files\NVIDIA Corporation\NVIDIA NvDLISR;C:\Program Files\Python311;C:\Program Files\Python311\Scripts;C:\Users\Dell\Downloads\PyAudio-0.2.11-cp311-cp311-win_amd64.whl;C:\Users\Dell\AppData\Roaming\Python\Python311\site-packages;C:\Program Files (x86)\NVIDIA Corporation\PhysX\Common;C:\WINDOWS\system32;C:\WINDOWS;C:\WINDOWS\System32\Wbem;C:\WINDOWS\System32\WindowsPowerShell\v1.0\;C:\WINDOWS\System32\OpenSSH\;D:\Java Script VS Code;D:\Java Script VS Code\;C:\Program Files\Git\cmd;C:\Program Files\Git;C:\Users\Dell\Downloads\apache-maven-3.9.10-bin\apache-maven-3.9.10\bin;C:\Program Files\MySQL\MySQL Shell 8.0\bin\;C:\Program Files\Java\jdk-23\bin;C:\Users\Dell\AppData\Local\Microsoft\WindowsApps;C:\MinGW\bin;C:\Program Files\JetBrains\PyCharm Community Edition 2023.3.5\bin;;C:\Program Files\Python311;C:\Program Files\Python311\Scripts;C:\Users\Dell\Downloads\PyAudio-0.2.11-cp311-cp311-win_amd64.whl;C:\Users\Dell\AppData\Roaming\Python\Python311\site-packages;D:\Java Script VS Code\Microsoft VS Code\bin;D:\Java Script VS Code;C:\Users\Dell\AppData\Roaming\npm;C:\Program Files\Git;C:\Users\Dell\Downloads\apache-maven-3.9.10-bin\apache-maven-3.9.10\bin;
USERNAME=Dell
OS=Windows_NT
PROCESSOR_IDENTIFIER=Intel64 Family 6 Model 154 Stepping 3, GenuineIntel
TMP=C:\Users\Dell\AppData\Local\Temp
TEMP=C:\Users\Dell\AppData\Local\Temp




Periodic native trim disabled

---------------  S Y S T E M  ---------------

OS:
 Windows 11 , 64 bit Build 26100 (10.0.26100.7920)
OS uptime: 19 days 16:59 hours
Hyper-V role detected

CPU: total 16 (initial active 16) (8 cores per cpu, 2 threads per core) family 6 model 154 stepping 3 microcode 0x43b, cx8, cmov, fxsr, ht, mmx, 3dnowpref, sse, sse2, sse3, ssse3, sse4.1, sse4.2, popcnt, lzcnt, tsc, tscinvbit, avx, avx2, aes, erms, clmul, bmi1, bmi2, adx, sha, fma, vzeroupper, clflush, clflushopt, clwb, hv, serialize, rdtscp, rdpid, fsrm, gfni, f16c, cet_ibt, cet_ss
Processor Information for processor 0
  Max Mhz: 2500, Current Mhz: 2500, Mhz Limit: 2500
Processor Information for processor 1
  Max Mhz: 2500, Current Mhz: 2500, Mhz Limit: 2500
Processor Information for processor 2
  Max Mhz: 2500, Current Mhz: 2500, Mhz Limit: 2500
Processor Information for processor 3
  Max Mhz: 2500, Current Mhz: 2500, Mhz Limit: 2500
Processor Information for processor 4
  Max Mhz: 2500, Current Mhz: 2500, Mhz Limit: 2500
Processor Information for processor 5
  Max Mhz: 2500, Current Mhz: 2500, Mhz Limit: 2500
Processor Information for processor 6
  Max Mhz: 2500, Current Mhz: 2500, Mhz Limit: 2500
Processor Information for processor 7
  Max Mhz: 2500, Current Mhz: 2500, Mhz Limit: 2500
Processor Information for processor 8
  Max Mhz: 2500, Current Mhz: 2500, Mhz Limit: 2500
Processor Information for processor 9
  Max Mhz: 2500, Current Mhz: 1527, Mhz Limit: 2500
Processor Information for processor 10
  Max Mhz: 2500, Current Mhz: 1527, Mhz Limit: 2500
Processor Information for processor 11
  Max Mhz: 2500, Current Mhz: 2500, Mhz Limit: 2500
Processor Information for processor 12
  Max Mhz: 2500, Current Mhz: 2500, Mhz Limit: 2500
Processor Information for processor 13
  Max Mhz: 2500, Current Mhz: 2500, Mhz Limit: 2500
Processor Information for processor 14
  Max Mhz: 2500, Current Mhz: 2500, Mhz Limit: 2500
Processor Information for processor 15
  Max Mhz: 2500, Current Mhz: 1527, Mhz Limit: 2500

Memory: 4k page, system-wide physical 7876M (359M free)
TotalPageFile size 32452M (AvailPageFile size 69M)
current process WorkingSet (physical memory assigned to process): 341M, peak: 341M
current process commit charge ("private bytes"): 406M, peak: 534M

vm_info: Java HotSpot(TM) 64-Bit Server VM (23.0.1+11-39) for windows-amd64 JRE (23.0.1+11-39), built on 2024-09-30T07:20:43Z with MS VC++ 17.6 (VS2022)

END.
